#
# There is insufficient memory for the Java Runtime Environment to continue.
# Native memory allocation (malloc) failed to allocate 278016 bytes for Chunk::new
# Possible reasons:
#   The system is out of physical RAM or swap space
#   In 32 bit mode, the process size limit was hit
# Possible solutions:
#   Reduce memory load on the system
#   Increase physical memory or swap space
#   Check if swap backing store is full
#   Use 64 bit Java on a 64 bit OS
#   Decrease Java heap size (-Xmx/-Xms)
#   Decrease number of Java threads
#   Decrease Java thread stack sizes (-Xss)
#   Set larger code cache with -XX:ReservedCodeCacheSize=
# This output file may be truncated or incomplete.
#
#  Out of Memory Error (allocation.cpp:323), pid=13236, tid=12528
#
# JRE version: Java(TM) SE Runtime Environment (7.0_79-b15) (build 1.7.0_79-b15)
# Java VM: Java HotSpot(TM) 64-Bit Server VM (24.79-b02 mixed mode windows-amd64 compressed oops)
# Failed to write core dump. Minidumps are not enabled by default on client versions of Windows
#

---------------  T H R E A D  ---------------

Current thread (0x00000000020b0000):  JavaThread "C2 CompilerThread1" daemon [_thread_in_native, id=12528, stack(0x000000000aac0000,0x000000000abc0000)]

Stack: [0x000000000aac0000,0x000000000abc0000]

Current CompileTask:
C2:    147    9             java.util.regex.Pattern::compile (406 bytes)


---------------  P R O C E S S  ---------------

Java Threads: ( => current thread )
  0x00000000020b0800 JavaThread "Service Thread" daemon [_thread_blocked, id=4988, stack(0x000000000abc0000,0x000000000acc0000)]
=>0x00000000020b0000 JavaThread "C2 CompilerThread1" daemon [_thread_in_native, id=12528, stack(0x000000000aac0000,0x000000000abc0000)]
  0x00000000020ae000 JavaThread "C2 CompilerThread0" daemon [_thread_in_native, id=8436, stack(0x000000000a9c0000,0x000000000aac0000)]
  0x00000000020ad000 JavaThread "Attach Listener" daemon [_thread_blocked, id=10732, stack(0x000000000a8c0000,0x000000000a9c0000)]
  0x000000000a3e1000 JavaThread "Signal Dispatcher" daemon [_thread_blocked, id=9260, stack(0x000000000a7c0000,0x000000000a8c0000)]
  0x00000000083c0000 JavaThread "Finalizer" daemon [_thread_blocked, id=5052, stack(0x000000000a2c0000,0x000000000a3c0000)]
  0x00000000083b9800 JavaThread "Reference Handler" daemon [_thread_blocked, id=11216, stack(0x000000000a1c0000,0x000000000a2c0000)]
  0x0000000001fc0800 JavaThread "main" [_thread_in_Java, id=12040, stack(0x0000000001ec0000,0x0000000001fc0000)]

Other Threads:
  0x00000000083b6000 VMThread [stack: 0x000000000a0c0000,0x000000000a1c0000] [id=12644]
  0x00000000020b6800 WatcherThread [stack: 0x000000000acc0000,0x000000000adc0000] [id=9292]

VM state:not at safepoint (normal execution)

VM Mutex/Monitor currently owned by a thread: None

Heap
 PSYoungGen      total 38400K, used 4667K [0x00000000eaa80000, 0x00000000ed500000, 0x0000000100000000)
  eden space 33280K, 14% used [0x00000000eaa80000,0x00000000eaf0ec88,0x00000000ecb00000)
  from space 5120K, 0% used [0x00000000ed000000,0x00000000ed000000,0x00000000ed500000)
  to   space 5120K, 0% used [0x00000000ecb00000,0x00000000ecb00000,0x00000000ed000000)
 ParOldGen       total 86528K, used 0K [0x00000000c0000000, 0x00000000c5480000, 0x00000000eaa80000)
  object space 86528K, 0% used [0x00000000c0000000,0x00000000c0000000,0x00000000c5480000)
 PSPermGen       total 21504K, used 3278K [0x00000000bae00000, 0x00000000bc300000, 0x00000000c0000000)
  object space 21504K, 15% used [0x00000000bae00000,0x00000000bb133950,0x00000000bc300000)

Card table byte_map: [0x0000000005180000,0x00000000053b0000] byte_map_base: 0x0000000004ba9000

Polling page: 0x0000000000400000

Code Cache  [0x00000000020c0000, 0x0000000002330000, 0x00000000050c0000)
 total_blobs=200 nmethods=10 adapters=143 free_code_cache=48742Kb largest_free_block=49889664

Compilation events (10 events):
Event: 0.133 Thread 0x00000000020ae000 nmethod 6 0x0000000002123090 code [0x00000000021231e0, 0x0000000002123318]
Event: 0.133 Thread 0x00000000020ae000    7             java.util.regex.Pattern$BnM::optimize (179 bytes)
Event: 0.133 Thread 0x00000000020b0000 nmethod 4 0x0000000002127f90 code [0x0000000002128240, 0x0000000002128f90]
Event: 0.133 Thread 0x00000000020b0000    8             java.util.regex.Matcher::search (109 bytes)
Event: 0.138 Thread 0x00000000020b0000 nmethod 8 0x0000000002125810 code [0x0000000002125980, 0x0000000002125e98]
Event: 0.138 Thread 0x00000000020b0000    9             java.util.regex.Pattern::compile (406 bytes)
Event: 0.140 Thread 0x00000000020ae000 nmethod 7 0x0000000002124cd0 code [0x0000000002124e40, 0x0000000002125518]
Event: 0.140 Thread 0x00000000020ae000   10             java.util.regex.Pattern::newSlice (181 bytes)
Event: 0.146 Thread 0x00000000020ae000 nmethod 10 0x0000000002124390 code [0x0000000002124520, 0x0000000002124988]
Event: 0.146 Thread 0x00000000020ae000   11             java.lang.String::compareTo (78 bytes)

GC Heap History (0 events):
No events

Deoptimization events (0 events):
No events

Internal exceptions (10 events):
Event: 0.108 Thread 0x0000000001fc0800 Threw 0x00000000eac335e8 at C:\re\jdk7u79\2331\hotspot\src\share\vm\prims\jvm.cpp:1304
Event: 0.108 Thread 0x0000000001fc0800 Threw 0x00000000eac35738 at C:\re\jdk7u79\2331\hotspot\src\share\vm\prims\jvm.cpp:1304
Event: 0.109 Thread 0x0000000001fc0800 Threw 0x00000000eac3a150 at C:\re\jdk7u79\2331\hotspot\src\share\vm\prims\jvm.cpp:1304
Event: 0.109 Thread 0x0000000001fc0800 Threw 0x00000000eac3e570 at C:\re\jdk7u79\2331\hotspot\src\share\vm\prims\jvm.cpp:1304
Event: 0.112 Thread 0x0000000001fc0800 Threw 0x00000000eac430b8 at C:\re\jdk7u79\2331\hotspot\src\share\vm\prims\jvm.cpp:1304
Event: 0.112 Thread 0x0000000001fc0800 Threw 0x00000000eac47630 at C:\re\jdk7u79\2331\hotspot\src\share\vm\prims\jvm.cpp:1304
Event: 0.117 Thread 0x0000000001fc0800 Threw 0x00000000eac4dfe0 at C:\re\jdk7u79\2331\hotspot\src\share\vm\prims\jvm.cpp:1304
Event: 0.118 Thread 0x0000000001fc0800 Threw 0x00000000eac53760 at C:\re\jdk7u79\2331\hotspot\src\share\vm\prims\jvm.cpp:1304
Event: 0.118 Thread 0x0000000001fc0800 Threw 0x00000000eac55890 at C:\re\jdk7u79\2331\hotspot\src\share\vm\prims\jvm.cpp:1304
Event: 0.121 Thread 0x0000000001fc0800 Threw 0x00000000eac7ff48 at C:\re\jdk7u79\2331\hotspot\src\share\vm\prims\jvm.cpp:1304

Events (10 events):
Event: 0.122 loading class 0x000000000a484660 done
Event: 0.122 loading class 0x000000000a4845d0 done
Event: 0.122 loading class 0x000000000a483ed0
Event: 0.122 loading class 0x000000000a483ed0 done
Event: 0.122 loading class 0x000000000a484690
Event: 0.122 loading class 0x000000000a484690 done
Event: 0.122 loading class 0x0000000002015e20
Event: 0.122 loading class 0x000000000a4863e0
Event: 0.122 loading class 0x000000000a4863e0 done
Event: 0.122 loading class 0x0000000002015e20 done


Dynamic libraries:
0x00007ff7ebda0000 - 0x00007ff7ebdd3000 	C:\Program Files\Java\jdk1.7.0_79\bin\java.exe
0x00007ff8e7ce0000 - 0x00007ff8e7ea1000 	C:\Windows\SYSTEM32\ntdll.dll
0x00007ff8e7520000 - 0x00007ff8e75cd000 	C:\Windows\system32\KERNEL32.DLL
0x00007ff8e4c40000 - 0x00007ff8e4e28000 	C:\Windows\system32\KERNELBASE.dll
0x00007ff8e6ea0000 - 0x00007ff8e6f47000 	C:\Windows\system32\ADVAPI32.dll
0x00007ff8e7180000 - 0x00007ff8e721d000 	C:\Windows\system32\msvcrt.dll
0x00007ff8e6f50000 - 0x00007ff8e6fab000 	C:\Windows\system32\sechost.dll
0x00007ff8e7400000 - 0x00007ff8e751c000 	C:\Windows\system32\RPCRT4.dll
0x00007ff8e50c0000 - 0x00007ff8e5216000 	C:\Windows\system32\USER32.dll
0x00007ff8e6bd0000 - 0x00007ff8e6d56000 	C:\Windows\system32\GDI32.dll
0x00007ff8defd0000 - 0x00007ff8df244000 	C:\Windows\WinSxS\amd64_microsoft.windows.common-controls_6595b64144ccf1df_6.0.10586.0_none_8c15ae12515e1c22\COMCTL32.dll
0x00007ff8e7a60000 - 0x00007ff8e7cdd000 	C:\Windows\system32\combase.dll
0x00007ff8e5050000 - 0x00007ff8e50ba000 	C:\Windows\system32\bcryptPrimitives.dll
0x00007ff8e7760000 - 0x00007ff8e779b000 	C:\Windows\system32\IMM32.DLL
0x000000006e7b0000 - 0x000000006e882000 	C:\Program Files\Java\jdk1.7.0_79\jre\bin\msvcr100.dll
0x000000006ec40000 - 0x000000006f415000 	C:\Program Files\Java\jdk1.7.0_79\jre\bin\server\jvm.dll
0x00007ff8e75d0000 - 0x00007ff8e75d8000 	C:\Windows\system32\PSAPI.DLL
0x00007ff8d68d0000 - 0x00007ff8d68d9000 	C:\Windows\SYSTEM32\WSOCK32.dll
0x00007ff8e75e0000 - 0x00007ff8e764b000 	C:\Windows\system32\WS2_32.dll
0x00007ff8e2790000 - 0x00007ff8e27b3000 	C:\Windows\SYSTEM32\WINMM.dll
0x00007ff8e2730000 - 0x00007ff8e275c000 	C:\Windows\SYSTEM32\WINMMBASE.dll
0x00007ff8e4e30000 - 0x00007ff8e4e73000 	C:\Windows\system32\cfgmgr32.dll
0x000000006ec30000 - 0x000000006ec3f000 	C:\Program Files\Java\jdk1.7.0_79\jre\bin\verify.dll
0x000000006ec00000 - 0x000000006ec28000 	C:\Program Files\Java\jdk1.7.0_79\jre\bin\java.dll
0x000000006ebe0000 - 0x000000006ebf5000 	C:\Program Files\Java\jdk1.7.0_79\jre\bin\zip.dll

VM Arguments:
jvm_args: -Djava.awt.headless=true -Xmx1024M -Dfile.encoding=windows-1252 -Duser.country=US -Duser.language=en -Duser.variant 
java_command: com.android.dx.command.Main --dex --num-threads=4 --multi-dex --output E:\BasilioV\Dropbox\Developer\AndroidstudioProjects\AndroidWorkshopTestOne\app\build\intermediates\transforms\dex\debug\folders\1000\10\internal_impl-23.1.1_a3de9ed480d2c2b3998fe297b5ad4f328f864ff9 E:\BasilioV\Dropbox\Developer\AndroidstudioProjects\AndroidWorkshopTestOne\app\build\intermediates\exploded-aar\com.android.support\support-v4\23.1.1\jars\libs\internal_impl-23.1.1.jar
Launcher Type: SUN_STANDARD

Environment Variables:
PATH=C:\Program Files (x86)\NVIDIA Corporation\PhysX\Common;C:\Program Files (x86)\Intel\iCLS Client\;C:\Program Files\Intel\iCLS Client\;C:\Windows\system32;C:\Windows;C:\Windows\System32\Wbem;C:\Windows\System32\WindowsPowerShell\v1.0\;C:\Program Files (x86)\Intel\Intel(R) Management Engine Components\DAL;C:\Program Files\Intel\Intel(R) Management Engine Components\DAL;C:\Program Files (x86)\Intel\Intel(R) Management Engine Components\IPT;C:\Program Files\Intel\Intel(R) Management Engine Components\IPT;C:\Program Files (x86)\Microsoft SQL Server\100\Tools\Binn\;C:\Program Files (x86)\Microsoft SQL Server\100\DTS\Binn\
USERNAME=BasiV
OS=Windows_NT
PROCESSOR_IDENTIFIER=Intel64 Family 6 Model 94 Stepping 3, GenuineIntel



---------------  S Y S T E M  ---------------

OS: Windows 8.1 , 64 bit Build 9600 

CPU:total 8 (4 cores per cpu, 2 threads per core) family 6 model 94 stepping 3, cmov, cx8, fxsr, mmx, sse, sse2, sse3, ssse3, sse4.1, sse4.2, popcnt, avx, avx2, aes, erms, ht, tsc, tscinvbit

Memory: 4k page, physical 8305460k(1572684k free), swap 9354036k(4012k free)

vm_info: Java HotSpot(TM) 64-Bit Server VM (24.79-b02) for windows-amd64 JRE (1.7.0_79-b15), built on Apr 10 2015 12:36:16 by "java_re" with unknown MS VC++:1600

time: Tue Feb 16 23:01:39 2016
elapsed time: 0 seconds

