#
# There is insufficient memory for the Java Runtime Environment to continue.
# Native memory allocation (malloc) failed to allocate 834656 bytes for Chunk::new
# Possible reasons:
#   The system is out of physical RAM or swap space
#   In 32 bit mode, the process size limit was hit
# Possible solutions:
#   Reduce memory load on the system
#   Increase physical memory or swap space
#   Check if swap backing store is full
#   Use 64 bit Java on a 64 bit OS
#   Decrease Java heap size (-Xmx/-Xms)
#   Decrease number of Java threads
#   Decrease Java thread stack sizes (-Xss)
#   Set larger code cache with -XX:ReservedCodeCacheSize=
# This output file may be truncated or incomplete.
#
#  Out of Memory Error (allocation.cpp:323), pid=3472, tid=392
#
# JRE version: Java(TM) SE Runtime Environment (7.0_79-b15) (build 1.7.0_79-b15)
# Java VM: Java HotSpot(TM) 64-Bit Server VM (24.79-b02 mixed mode windows-amd64 compressed oops)
# Failed to write core dump. Minidumps are not enabled by default on client versions of Windows
#

---------------  T H R E A D  ---------------

Current thread (0x0000000002018000):  JavaThread "C2 CompilerThread1" daemon [_thread_in_native, id=392, stack(0x000000000aa10000,0x000000000ab10000)]

Stack: [0x000000000aa10000,0x000000000ab10000]

Current CompileTask:
C2:   4903  613             com.android.dx.cf.code.Simulator$SimVisitor::visitConstant (332 bytes)


---------------  P R O C E S S  ---------------

Java Threads: ( => current thread )
  0x000000000a5fc000 JavaThread "pool-2-thread-4" [_thread_blocked, id=12840, stack(0x000000000b110000,0x000000000b210000)]
  0x000000000a4e6800 JavaThread "pool-2-thread-3" [_thread_blocked, id=9804, stack(0x000000000b010000,0x000000000b110000)]
  0x000000000a42a800 JavaThread "pool-2-thread-2" [_thread_in_Java, id=13460, stack(0x000000000af10000,0x000000000b010000)]
  0x000000000a401800 JavaThread "pool-3-thread-1" [_thread_blocked, id=2108, stack(0x000000000ae10000,0x000000000af10000)]
  0x000000000a365000 JavaThread "pool-2-thread-1" [_thread_in_Java, id=2412, stack(0x000000000ad10000,0x000000000ae10000)]
  0x000000000201a800 JavaThread "Service Thread" daemon [_thread_blocked, id=1072, stack(0x000000000ab10000,0x000000000ac10000)]
=>0x0000000002018000 JavaThread "C2 CompilerThread1" daemon [_thread_in_native, id=392, stack(0x000000000aa10000,0x000000000ab10000)]
  0x000000000200e000 JavaThread "C2 CompilerThread0" daemon [_thread_in_native, id=13932, stack(0x000000000a910000,0x000000000aa10000)]
  0x000000000200d000 JavaThread "Attach Listener" daemon [_thread_blocked, id=6004, stack(0x000000000a810000,0x000000000a910000)]
  0x000000000a331000 JavaThread "Signal Dispatcher" daemon [_thread_blocked, id=9776, stack(0x000000000a710000,0x000000000a810000)]
  0x0000000008350000 JavaThread "Finalizer" daemon [_thread_blocked, id=14140, stack(0x000000000a210000,0x000000000a310000)]
  0x0000000008349800 JavaThread "Reference Handler" daemon [_thread_blocked, id=4368, stack(0x000000000a110000,0x000000000a210000)]
  0x0000000001f20800 JavaThread "main" [_thread_blocked, id=13856, stack(0x0000000001dd0000,0x0000000001ed0000)]

Other Threads:
  0x0000000008346000 VMThread [stack: 0x000000000a010000,0x000000000a110000] [id=10604]
  0x000000000201e800 WatcherThread [stack: 0x000000000ac10000,0x000000000ad10000] [id=6256]

VM state:not at safepoint (normal execution)

VM Mutex/Monitor currently owned by a thread: None

Heap
 PSYoungGen      total 138240K, used 69350K [0x00000000eaa80000, 0x00000000fe780000, 0x0000000100000000)
  eden space 133120K, 48% used [0x00000000eaa80000,0x00000000ee9403c0,0x00000000f2c80000)
  from space 5120K, 99% used [0x00000000f2c80000,0x00000000f3179640,0x00000000f3180000)
  to   space 29184K, 0% used [0x00000000fcb00000,0x00000000fcb00000,0x00000000fe780000)
 ParOldGen       total 86528K, used 46440K [0x00000000c0000000, 0x00000000c5480000, 0x00000000eaa80000)
  object space 86528K, 53% used [0x00000000c0000000,0x00000000c2d5a3c0,0x00000000c5480000)
 PSPermGen       total 21504K, used 6118K [0x00000000bae00000, 0x00000000bc300000, 0x00000000c0000000)
  object space 21504K, 28% used [0x00000000bae00000,0x00000000bb3f9850,0x00000000bc300000)

Card table byte_map: [0x00000000050e0000,0x0000000005310000] byte_map_base: 0x0000000004b09000

Polling page: 0x00000000004e0000

Code Cache  [0x0000000002020000, 0x00000000022a0000, 0x0000000005020000)
 total_blobs=842 nmethods=605 adapters=189 free_code_cache=46667Kb largest_free_block=47743360

Compilation events (10 events):
Event: 4.861 Thread 0x0000000002018000 nmethod 608 0x000000000228eed0 code [0x000000000228f000, 0x000000000228f058]
Event: 4.861 Thread 0x0000000002018000  609             com.android.dx.cf.code.BaseMachine::auxCstArg (20 bytes)
Event: 4.862 Thread 0x0000000002018000 nmethod 609 0x000000000228ec90 code [0x000000000228edc0, 0x000000000228ee38]
Event: 4.862 Thread 0x0000000002018000  610             com.android.dx.cf.direct.DirectClassFile::getConstantPool (9 bytes)
Event: 4.862 Thread 0x0000000002018000 nmethod 610 0x000000000228e950 code [0x000000000228eaa0, 0x000000000228eb68]
Event: 4.862 Thread 0x0000000002018000  611             com.android.dx.rop.code.RegisterSpecList::withFirst (64 bytes)
Event: 4.866 Thread 0x0000000002018000 nmethod 611 0x0000000002290e90 code [0x0000000002290fe0, 0x00000000022912d8]
Event: 4.866 Thread 0x0000000002018000  612             com.android.dx.cf.code.BasicBlocker::visitConstant (39 bytes)
Event: 4.885 Thread 0x0000000002018000 nmethod 612 0x0000000002295810 code [0x00000000022959e0, 0x0000000002296b08]
Event: 4.885 Thread 0x0000000002018000  613             com.android.dx.cf.code.Simulator$SimVisitor::visitConstant (332 bytes)

GC Heap History (10 events):
Event: 0.925 GC heap before
{Heap before GC invocations=1 (full 0):
 PSYoungGen      total 38400K, used 33280K [0x00000000eaa80000, 0x00000000ed500000, 0x0000000100000000)
  eden space 33280K, 100% used [0x00000000eaa80000,0x00000000ecb00000,0x00000000ecb00000)
  from space 5120K, 0% used [0x00000000ed000000,0x00000000ed000000,0x00000000ed500000)
  to   space 5120K, 0% used [0x00000000ecb00000,0x00000000ecb00000,0x00000000ed000000)
 ParOldGen       total 86528K, used 0K [0x00000000c0000000, 0x00000000c5480000, 0x00000000eaa80000)
  object space 86528K, 0% used [0x00000000c0000000,0x00000000c0000000,0x00000000c5480000)
 PSPermGen       total 21504K, used 5740K [0x00000000bae00000, 0x00000000bc300000, 0x00000000c0000000)
  object space 21504K, 26% used [0x00000000bae00000,0x00000000bb39b070,0x00000000bc300000)
Event: 1.184 GC heap after
Heap after GC invocations=1 (full 0):
 PSYoungGen      total 38400K, used 5113K [0x00000000eaa80000, 0x00000000ef580000, 0x0000000100000000)
  eden space 33280K, 0% used [0x00000000eaa80000,0x00000000eaa80000,0x00000000ecb00000)
  from space 5120K, 99% used [0x00000000ecb00000,0x00000000ecffe7e8,0x00000000ed000000)
  to   space 5120K, 0% used [0x00000000ef080000,0x00000000ef080000,0x00000000ef580000)
 ParOldGen       total 86528K, used 251K [0x00000000c0000000, 0x00000000c5480000, 0x00000000eaa80000)
  object space 86528K, 0% used [0x00000000c0000000,0x00000000c003ef38,0x00000000c5480000)
 PSPermGen       total 21504K, used 5740K [0x00000000bae00000, 0x00000000bc300000, 0x00000000c0000000)
  object space 21504K, 26% used [0x00000000bae00000,0x00000000bb39b070,0x00000000bc300000)
}
Event: 1.757 GC heap before
{Heap before GC invocations=2 (full 0):
 PSYoungGen      total 38400K, used 38393K [0x00000000eaa80000, 0x00000000ef580000, 0x0000000100000000)
  eden space 33280K, 100% used [0x00000000eaa80000,0x00000000ecb00000,0x00000000ecb00000)
  from space 5120K, 99% used [0x00000000ecb00000,0x00000000ecffe7e8,0x00000000ed000000)
  to   space 5120K, 0% used [0x00000000ef080000,0x00000000ef080000,0x00000000ef580000)
 ParOldGen       total 86528K, used 251K [0x00000000c0000000, 0x00000000c5480000, 0x00000000eaa80000)
  object space 86528K, 0% used [0x00000000c0000000,0x00000000c003ef38,0x00000000c5480000)
 PSPermGen       total 21504K, used 5919K [0x00000000bae00000, 0x00000000bc300000, 0x00000000c0000000)
  object space 21504K, 27% used [0x00000000bae00000,0x00000000bb3c7db0,0x00000000bc300000)
Event: 1.935 GC heap after
Heap after GC invocations=2 (full 0):
 PSYoungGen      total 71680K, used 5102K [0x00000000eaa80000, 0x00000000ef580000, 0x0000000100000000)
  eden space 66560K, 0% used [0x00000000eaa80000,0x00000000eaa80000,0x00000000eeb80000)
  from space 5120K, 99% used [0x00000000ef080000,0x00000000ef57b8d8,0x00000000ef580000)
  to   space 5120K, 0% used [0x00000000eeb80000,0x00000000eeb80000,0x00000000ef080000)
 ParOldGen       total 86528K, used 3797K [0x00000000c0000000, 0x00000000c5480000, 0x00000000eaa80000)
  object space 86528K, 4% used [0x00000000c0000000,0x00000000c03b5420,0x00000000c5480000)
 PSPermGen       total 21504K, used 5919K [0x00000000bae00000, 0x00000000bc300000, 0x00000000c0000000)
  object space 21504K, 27% used [0x00000000bae00000,0x00000000bb3c7db0,0x00000000bc300000)
}
Event: 3.005 GC heap before
{Heap before GC invocations=3 (full 0):
 PSYoungGen      total 71680K, used 71662K [0x00000000eaa80000, 0x00000000ef580000, 0x0000000100000000)
  eden space 66560K, 100% used [0x00000000eaa80000,0x00000000eeb80000,0x00000000eeb80000)
  from space 5120K, 99% used [0x00000000ef080000,0x00000000ef57b8d8,0x00000000ef580000)
  to   space 5120K, 0% used [0x00000000eeb80000,0x00000000eeb80000,0x00000000ef080000)
 ParOldGen       total 86528K, used 3797K [0x00000000c0000000, 0x00000000c5480000, 0x00000000eaa80000)
  object space 86528K, 4% used [0x00000000c0000000,0x00000000c03b5420,0x00000000c5480000)
 PSPermGen       total 21504K, used 5979K [0x00000000bae00000, 0x00000000bc300000, 0x00000000c0000000)
  object space 21504K, 27% used [0x00000000bae00000,0x00000000bb3d6c28,0x00000000bc300000)
Event: 3.061 GC heap after
Heap after GC invocations=3 (full 0):
 PSYoungGen      total 71680K, used 5102K [0x00000000eaa80000, 0x00000000f3680000, 0x0000000100000000)
  eden space 66560K, 0% used [0x00000000eaa80000,0x00000000eaa80000,0x00000000eeb80000)
  from space 5120K, 99% used [0x00000000eeb80000,0x00000000ef07bbe0,0x00000000ef080000)
  to   space 5120K, 0% used [0x00000000f3180000,0x00000000f3180000,0x00000000f3680000)
 ParOldGen       total 86528K, used 13954K [0x00000000c0000000, 0x00000000c5480000, 0x00000000eaa80000)
  object space 86528K, 16% used [0x00000000c0000000,0x00000000c0da0a98,0x00000000c5480000)
 PSPermGen       total 21504K, used 5979K [0x00000000bae00000, 0x00000000bc300000, 0x00000000c0000000)
  object space 21504K, 27% used [0x00000000bae00000,0x00000000bb3d6c28,0x00000000bc300000)
}
Event: 3.667 GC heap before
{Heap before GC invocations=4 (full 0):
 PSYoungGen      total 71680K, used 71662K [0x00000000eaa80000, 0x00000000f3680000, 0x0000000100000000)
  eden space 66560K, 100% used [0x00000000eaa80000,0x00000000eeb80000,0x00000000eeb80000)
  from space 5120K, 99% used [0x00000000eeb80000,0x00000000ef07bbe0,0x00000000ef080000)
  to   space 5120K, 0% used [0x00000000f3180000,0x00000000f3180000,0x00000000f3680000)
 ParOldGen       total 86528K, used 13954K [0x00000000c0000000, 0x00000000c5480000, 0x00000000eaa80000)
  object space 86528K, 16% used [0x00000000c0000000,0x00000000c0da0a98,0x00000000c5480000)
 PSPermGen       total 21504K, used 6026K [0x00000000bae00000, 0x00000000bc300000, 0x00000000c0000000)
  object space 21504K, 28% used [0x00000000bae00000,0x00000000bb3e2b98,0x00000000bc300000)
Event: 3.692 GC heap after
Heap after GC invocations=4 (full 0):
 PSYoungGen      total 138240K, used 5119K [0x00000000eaa80000, 0x00000000f3680000, 0x0000000100000000)
  eden space 133120K, 0% used [0x00000000eaa80000,0x00000000eaa80000,0x00000000f2c80000)
  from space 5120K, 99% used [0x00000000f3180000,0x00000000f367ff68,0x00000000f3680000)
  to   space 5120K, 0% used [0x00000000f2c80000,0x00000000f2c80000,0x00000000f3180000)
 ParOldGen       total 86528K, used 24874K [0x00000000c0000000, 0x00000000c5480000, 0x00000000eaa80000)
  object space 86528K, 28% used [0x00000000c0000000,0x00000000c184aaa8,0x00000000c5480000)
 PSPermGen       total 21504K, used 6026K [0x00000000bae00000, 0x00000000bc300000, 0x00000000c0000000)
  object space 21504K, 28% used [0x00000000bae00000,0x00000000bb3e2b98,0x00000000bc300000)
}
Event: 4.647 GC heap before
{Heap before GC invocations=5 (full 0):
 PSYoungGen      total 138240K, used 138239K [0x00000000eaa80000, 0x00000000f3680000, 0x0000000100000000)
  eden space 133120K, 100% used [0x00000000eaa80000,0x00000000f2c80000,0x00000000f2c80000)
  from space 5120K, 99% used [0x00000000f3180000,0x00000000f367ff68,0x00000000f3680000)
  to   space 5120K, 0% used [0x00000000f2c80000,0x00000000f2c80000,0x00000000f3180000)
 ParOldGen       total 86528K, used 24874K [0x00000000c0000000, 0x00000000c5480000, 0x00000000eaa80000)
  object space 86528K, 28% used [0x00000000c0000000,0x00000000c184aaa8,0x00000000c5480000)
 PSPermGen       total 21504K, used 6109K [0x00000000bae00000, 0x00000000bc300000, 0x00000000c0000000)
  object space 21504K, 28% used [0x00000000bae00000,0x00000000bb3f7470,0x00000000bc300000)
Event: 4.675 GC heap after
Heap after GC invocations=5 (full 0):
 PSYoungGen      total 138240K, used 5093K [0x00000000eaa80000, 0x00000000fe780000, 0x0000000100000000)
  eden space 133120K, 0% used [0x00000000eaa80000,0x00000000eaa80000,0x00000000f2c80000)
  from space 5120K, 99% used [0x00000000f2c80000,0x00000000f3179640,0x00000000f3180000)
  to   space 29184K, 0% used [0x00000000fcb00000,0x00000000fcb00000,0x00000000fe780000)
 ParOldGen       total 86528K, used 46440K [0x00000000c0000000, 0x00000000c5480000, 0x00000000eaa80000)
  object space 86528K, 53% used [0x00000000c0000000,0x00000000c2d5a3c0,0x00000000c5480000)
 PSPermGen       total 21504K, used 6109K [0x00000000bae00000, 0x00000000bc300000, 0x00000000c0000000)
  object space 21504K, 28% used [0x00000000bae00000,0x00000000bb3f7470,0x00000000bc300000)
}

Deoptimization events (10 events):
Event: 3.758 Thread 0x000000000a42a800 Uncommon trap: reason=unreached action=reinterpret pc=0x00000000021bda2c method=com.android.dx.rop.code.LocalItem.compareHandlesNulls(Lcom/android/dx/rop/cst/CstString;Lcom/android/dx/rop/cst/CstString;)I @ 14
Event: 3.758 Thread 0x000000000a42a800 Uncommon trap: reason=unreached action=reinterpret pc=0x00000000021cc824 method=com.android.dx.rop.code.LocalItem.compareHandlesNulls(Lcom/android/dx/rop/cst/CstString;Lcom/android/dx/rop/cst/CstString;)I @ 14
Event: 3.799 Thread 0x000000000a42a800 Uncommon trap: reason=unreached action=reinterpret pc=0x000000000217028c method=com.android.dx.rop.code.LocalItem.compareHandlesNulls(Lcom/android/dx/rop/cst/CstString;Lcom/android/dx/rop/cst/CstString;)I @ 14
Event: 4.068 Thread 0x0000000001f20800 Uncommon trap: reason=bimorphic action=maybe_recompile pc=0x00000000021a900c method=com.android.dx.cf.code.BytecodeArray.parseInstruction(ILcom/android/dx/cf/code/BytecodeArray$Visitor;)I @ 1161
Event: 4.068 Thread 0x0000000001f20800 Uncommon trap: reason=bimorphic action=maybe_recompile pc=0x00000000021a900c method=com.android.dx.cf.code.BytecodeArray.parseInstruction(ILcom/android/dx/cf/code/BytecodeArray$Visitor;)I @ 1161
Event: 4.096 Thread 0x0000000001f20800 Uncommon trap: reason=bimorphic action=maybe_recompile pc=0x00000000021a9350 method=com.android.dx.cf.code.BytecodeArray.parseInstruction(ILcom/android/dx/cf/code/BytecodeArray$Visitor;)I @ 1357
Event: 4.097 Thread 0x0000000001f20800 Uncommon trap: reason=bimorphic action=maybe_recompile pc=0x00000000021a9350 method=com.android.dx.cf.code.BytecodeArray.parseInstruction(ILcom/android/dx/cf/code/BytecodeArray$Visitor;)I @ 1357
Event: 4.166 Thread 0x000000000a4e6800 Uncommon trap: reason=unreached action=reinterpret pc=0x00000000021a0cec method=com.android.dx.ssa.MoveParamCombiner$1.visitNonMoveInsn(Lcom/android/dx/ssa/NormalSsaInsn;)V @ 27
Event: 4.299 Thread 0x000000000a365000 Uncommon trap: reason=bimorphic action=maybe_recompile pc=0x00000000021c6980 method=com.android.dx.ssa.LiteralOpUpgrader.tryReplacingWithConstant(Lcom/android/dx/ssa/NormalSsaInsn;)Z @ 62
Event: 4.306 Thread 0x000000000a365000 Uncommon trap: reason=bimorphic action=maybe_recompile pc=0x00000000021c6980 method=com.android.dx.ssa.LiteralOpUpgrader.tryReplacingWithConstant(Lcom/android/dx/ssa/NormalSsaInsn;)Z @ 62

Internal exceptions (10 events):
Event: 1.234 Thread 0x000000000a5fc000 Threw 0x00000000eac74390 at C:\re\jdk7u79\2331\hotspot\src\share\vm\prims\jvm.cpp:1304
Event: 1.480 Thread 0x0000000001f20800 Implicit null exception at 0x00000000020ee56b to 0x00000000020eec4d
Event: 1.482 Thread 0x000000000a42a800 Implicit null exception at 0x00000000020e5233 to 0x00000000020e6b09
Event: 1.490 Thread 0x0000000001f20800 Threw 0x00000000ec747fa8 at C:\re\jdk7u79\2331\hotspot\src\share\vm\prims\jvm.cpp:1304
Event: 1.504 Thread 0x0000000001f20800 Threw 0x00000000ec8771c0 at C:\re\jdk7u79\2331\hotspot\src\share\vm\prims\jvm.cpp:1304
Event: 2.331 Thread 0x000000000a42a800 Threw 0x00000000ec4dfb38 at C:\re\jdk7u79\2331\hotspot\src\share\vm\prims\jvm.cpp:1304
Event: 3.704 Thread 0x0000000001f20800 Threw 0x00000000eab9a908 at C:\re\jdk7u79\2331\hotspot\src\share\vm\prims\jvm.cpp:1304
Event: 3.758 Thread 0x000000000a42a800 Implicit null exception at 0x00000000021bd1af to 0x00000000021bda01
Event: 3.758 Thread 0x000000000a42a800 Implicit null exception at 0x00000000021cc650 to 0x00000000021cc811
Event: 3.799 Thread 0x000000000a42a800 Implicit null exception at 0x0000000002170119 to 0x0000000002170279

Events (10 events):
Event: 4.680 Executing VM operation: RevokeBias done
Event: 4.680 Executing VM operation: RevokeBias
Event: 4.680 Executing VM operation: RevokeBias done
Event: 4.680 Executing VM operation: RevokeBias
Event: 4.680 Executing VM operation: RevokeBias done
Event: 4.680 Executing VM operation: RevokeBias
Event: 4.680 Executing VM operation: RevokeBias done
Event: 4.680 Executing VM operation: BulkRevokeBias
Event: 4.680 Executing VM operation: BulkRevokeBias done
Event: 4.698 Thread 0x0000000002018000 flushing nmethod 0x00000000020f0b90


Dynamic libraries:
0x00007ff7ebda0000 - 0x00007ff7ebdd3000 	C:\Program Files\Java\jdk1.7.0_79\bin\java.exe
0x00007ff8e7ce0000 - 0x00007ff8e7ea1000 	C:\Windows\SYSTEM32\ntdll.dll
0x00007ff8e7520000 - 0x00007ff8e75cd000 	C:\Windows\system32\KERNEL32.DLL
0x00007ff8e4c40000 - 0x00007ff8e4e28000 	C:\Windows\system32\KERNELBASE.dll
0x00007ff8e6ea0000 - 0x00007ff8e6f47000 	C:\Windows\system32\ADVAPI32.dll
0x00007ff8e7180000 - 0x00007ff8e721d000 	C:\Windows\system32\msvcrt.dll
0x00007ff8e6f50000 - 0x00007ff8e6fab000 	C:\Windows\system32\sechost.dll
0x00007ff8e7400000 - 0x00007ff8e751c000 	C:\Windows\system32\RPCRT4.dll
0x00007ff8e50c0000 - 0x00007ff8e5216000 	C:\Windows\system32\USER32.dll
0x00007ff8e6bd0000 - 0x00007ff8e6d56000 	C:\Windows\system32\GDI32.dll
0x00007ff8defd0000 - 0x00007ff8df244000 	C:\Windows\WinSxS\amd64_microsoft.windows.common-controls_6595b64144ccf1df_6.0.10586.0_none_8c15ae12515e1c22\COMCTL32.dll
0x00007ff8e7a60000 - 0x00007ff8e7cdd000 	C:\Windows\system32\combase.dll
0x00007ff8e5050000 - 0x00007ff8e50ba000 	C:\Windows\system32\bcryptPrimitives.dll
0x00007ff8e7760000 - 0x00007ff8e779b000 	C:\Windows\system32\IMM32.DLL
0x000000006e7b0000 - 0x000000006e882000 	C:\Program Files\Java\jdk1.7.0_79\jre\bin\msvcr100.dll
0x000000006ec40000 - 0x000000006f415000 	C:\Program Files\Java\jdk1.7.0_79\jre\bin\server\jvm.dll
0x00007ff8e75d0000 - 0x00007ff8e75d8000 	C:\Windows\system32\PSAPI.DLL
0x00007ff8d68d0000 - 0x00007ff8d68d9000 	C:\Windows\SYSTEM32\WSOCK32.dll
0x00007ff8e75e0000 - 0x00007ff8e764b000 	C:\Windows\system32\WS2_32.dll
0x00007ff8e2790000 - 0x00007ff8e27b3000 	C:\Windows\SYSTEM32\WINMM.dll
0x00007ff8e2730000 - 0x00007ff8e275c000 	C:\Windows\SYSTEM32\WINMMBASE.dll
0x00007ff8e4e30000 - 0x00007ff8e4e73000 	C:\Windows\system32\cfgmgr32.dll
0x000000006ec30000 - 0x000000006ec3f000 	C:\Program Files\Java\jdk1.7.0_79\jre\bin\verify.dll
0x000000006ec00000 - 0x000000006ec28000 	C:\Program Files\Java\jdk1.7.0_79\jre\bin\java.dll
0x000000006ebe0000 - 0x000000006ebf5000 	C:\Program Files\Java\jdk1.7.0_79\jre\bin\zip.dll
0x000000006ebc0000 - 0x000000006ebda000 	C:\Program Files\Java\jdk1.7.0_79\jre\bin\net.dll
0x00007ff8e3c00000 - 0x00007ff8e3c5c000 	C:\Windows\system32\mswsock.dll
0x000000006eba0000 - 0x000000006ebb1000 	C:\Program Files\Java\jdk1.7.0_79\jre\bin\nio.dll

VM Arguments:
jvm_args: -Djava.awt.headless=true -Xmx1024M -Dfile.encoding=windows-1252 -Duser.country=US -Duser.language=en -Duser.variant 
java_command: com.android.dx.command.Main --dex --num-threads=4 --multi-dex --output E:\BasilioV\Dropbox\Developer\AndroidstudioProjects\AndroidWorkshopTestOne\app\build\intermediates\transforms\dex\debug\folders\1000\10\com.android.support-support-v4-23.1.1_06ee08177b0580b39e84ee2177f8e8fb1e505ff9 E:\BasilioV\Dropbox\Developer\AndroidstudioProjects\AndroidWorkshopTestOne\app\build\intermediates\exploded-aar\com.android.support\support-v4\23.1.1\jars\classes.jar
Launcher Type: SUN_STANDARD

Environment Variables:
PATH=C:\Program Files (x86)\NVIDIA Corporation\PhysX\Common;C:\Program Files (x86)\Intel\iCLS Client\;C:\Program Files\Intel\iCLS Client\;C:\Windows\system32;C:\Windows;C:\Windows\System32\Wbem;C:\Windows\System32\WindowsPowerShell\v1.0\;C:\Program Files (x86)\Intel\Intel(R) Management Engine Components\DAL;C:\Program Files\Intel\Intel(R) Management Engine Components\DAL;C:\Program Files (x86)\Intel\Intel(R) Management Engine Components\IPT;C:\Program Files\Intel\Intel(R) Management Engine Components\IPT;C:\Program Files (x86)\Microsoft SQL Server\100\Tools\Binn\;C:\Program Files (x86)\Microsoft SQL Server\100\DTS\Binn\
USERNAME=BasiV
OS=Windows_NT
PROCESSOR_IDENTIFIER=Intel64 Family 6 Model 94 Stepping 3, GenuineIntel



---------------  S Y S T E M  ---------------

OS: Windows 8.1 , 64 bit Build 9600 

CPU:total 8 (4 cores per cpu, 2 threads per core) family 6 model 94 stepping 3, cmov, cx8, fxsr, mmx, sse, sse2, sse3, ssse3, sse4.1, sse4.2, popcnt, avx, avx2, aes, erms, ht, tsc, tscinvbit

Memory: 4k page, physical 8305460k(1417604k free), swap 9354036k(4500k free)

vm_info: Java HotSpot(TM) 64-Bit Server VM (24.79-b02) for windows-amd64 JRE (1.7.0_79-b15), built on Apr 10 2015 12:36:16 by "java_re" with unknown MS VC++:1600

time: Tue Feb 16 22:54:20 2016
elapsed time: 4 seconds

