#
# There is insufficient memory for the Java Runtime Environment to continue.
# Native memory allocation (malloc) failed to allocate 77456 bytes for Chunk::new
# Possible reasons:
#   The system is out of physical RAM or swap space
#   In 32 bit mode, the process size limit was hit
# Possible solutions:
#   Reduce memory load on the system
#   Increase physical memory or swap space
#   Check if swap backing store is full
#   Use 64 bit Java on a 64 bit OS
#   Decrease Java heap size (-Xmx/-Xms)
#   Decrease number of Java threads
#   Decrease Java thread stack sizes (-Xss)
#   Set larger code cache with -XX:ReservedCodeCacheSize=
# This output file may be truncated or incomplete.
#
#  Out of Memory Error (allocation.cpp:323), pid=13204, tid=3404
#
# JRE version: Java(TM) SE Runtime Environment (7.0_79-b15) (build 1.7.0_79-b15)
# Java VM: Java HotSpot(TM) 64-Bit Server VM (24.79-b02 mixed mode windows-amd64 compressed oops)
# Failed to write core dump. Minidumps are not enabled by default on client versions of Windows
#

---------------  T H R E A D  ---------------

Current thread (0x00000000024a6000):  JavaThread "C2 CompilerThread0" daemon [_thread_in_native, id=3404, stack(0x000000000acd0000,0x000000000add0000)]

Stack: [0x000000000acd0000,0x000000000add0000]

Current CompileTask:
C2:    515   32             sun.net.www.ParseUtil::encodePath (336 bytes)


---------------  P R O C E S S  ---------------

Java Threads: ( => current thread )
  0x000000000a9b1000 JavaThread "pool-2-thread-4" [_thread_new, id=13108, stack(0x0000000000000000,0x0000000000000000)]
  0x000000000a9b0800 JavaThread "pool-2-thread-3" [_thread_new, id=7964, stack(0x0000000000000000,0x0000000000000000)]
  0x000000000a9af800 JavaThread "pool-2-thread-2" [_thread_new, id=5020, stack(0x0000000000000000,0x0000000000000000)]
  0x000000000a9af000 JavaThread "pool-3-thread-1" [_thread_blocked, id=13784, stack(0x000000000b9d0000,0x000000000bad0000)]
  0x000000000a901800 JavaThread "pool-2-thread-1" [_thread_new, id=6184, stack(0x0000000000000000,0x0000000000000000)]
  0x00000000024a8800 JavaThread "Service Thread" daemon [_thread_blocked, id=11020, stack(0x000000000aed0000,0x000000000afd0000)]
  0x00000000024a7800 JavaThread "C2 CompilerThread1" daemon [_thread_blocked, id=13296, stack(0x000000000add0000,0x000000000aed0000)]
=>0x00000000024a6000 JavaThread "C2 CompilerThread0" daemon [_thread_in_native, id=3404, stack(0x000000000acd0000,0x000000000add0000)]
  0x00000000024a5800 JavaThread "Attach Listener" daemon [_thread_blocked, id=13500, stack(0x000000000abd0000,0x000000000acd0000)]
  0x000000000a6f1000 JavaThread "Signal Dispatcher" daemon [_thread_blocked, id=10396, stack(0x000000000aad0000,0x000000000abd0000)]
  0x00000000086f0800 JavaThread "Finalizer" daemon [_thread_blocked, id=4400, stack(0x000000000a5d0000,0x000000000a6d0000)]
  0x00000000086e9800 JavaThread "Reference Handler" daemon [_thread_blocked, id=10788, stack(0x000000000a4d0000,0x000000000a5d0000)]
  0x00000000023b0800 JavaThread "main" [_thread_in_vm, id=8652, stack(0x00000000021e0000,0x00000000022e0000)]

Other Threads:
  0x00000000086e6000 VMThread [stack: 0x000000000a3d0000,0x000000000a4d0000] [id=9756]
  0x00000000024ae800 WatcherThread [stack: 0x000000000afd0000,0x000000000b0d0000] [id=11176]

VM state:not at safepoint (normal execution)

VM Mutex/Monitor currently owned by a thread: None

Heap
 PSYoungGen      total 38400K, used 12658K [0x00000000eaa80000, 0x00000000ed500000, 0x0000000100000000)
  eden space 33280K, 38% used [0x00000000eaa80000,0x00000000eb6dcad8,0x00000000ecb00000)
  from space 5120K, 0% used [0x00000000ed000000,0x00000000ed000000,0x00000000ed500000)
  to   space 5120K, 0% used [0x00000000ecb00000,0x00000000ecb00000,0x00000000ed000000)
 ParOldGen       total 86528K, used 0K [0x00000000c0000000, 0x00000000c5480000, 0x00000000eaa80000)
  object space 86528K, 0% used [0x00000000c0000000,0x00000000c0000000,0x00000000c5480000)
 PSPermGen       total 21504K, used 4794K [0x00000000bae00000, 0x00000000bc300000, 0x00000000c0000000)
  object space 21504K, 22% used [0x00000000bae00000,0x00000000bb2aea60,0x00000000bc300000)

Card table byte_map: [0x00000000054b0000,0x00000000056e0000] byte_map_base: 0x0000000004ed9000

Polling page: 0x0000000000570000

Code Cache  [0x00000000024b0000, 0x0000000002720000, 0x00000000054b0000)
 total_blobs=263 nmethods=31 adapters=185 free_code_cache=48692Kb largest_free_block=49846528

Compilation events (10 events):
Event: 0.331 Thread 0x00000000024a7800 nmethod 25 0x0000000002522bd0 code [0x0000000002522d20, 0x0000000002522f58]
Event: 0.333 Thread 0x00000000024a6000   27             com.android.dx.util.ByteArray::checkOffsets (66 bytes)
Event: 0.333 Thread 0x00000000024a6000 nmethod 27 0x0000000002522990 code [0x0000000002522ac0, 0x0000000002522b38]
Event: 0.334 Thread 0x00000000024a7800   28             com.android.dx.util.ByteArray::getUnsignedByte (14 bytes)
Event: 0.334 Thread 0x00000000024a7800 nmethod 28 0x0000000002522690 code [0x00000000025227c0, 0x0000000002522878]
Event: 0.335 Thread 0x00000000024a6000   29             com.android.dx.rop.cst.CstString::utf8BytesToString (391 bytes)
Event: 0.341 Thread 0x00000000024a6000 nmethod 29 0x0000000002523b90 code [0x0000000002523d80, 0x0000000002524368]
Event: 0.394 Thread 0x00000000024a7800   30             java.lang.String::startsWith (72 bytes)
Event: 0.395 Thread 0x00000000024a7800 nmethod 30 0x0000000002524a10 code [0x0000000002524b60, 0x0000000002524cf8]
Event: 0.508 Thread 0x00000000024a6000   32             sun.net.www.ParseUtil::encodePath (336 bytes)

GC Heap History (0 events):
No events

Deoptimization events (0 events):
No events

Internal exceptions (10 events):
Event: 0.506 Thread 0x00000000023b0800 Threw 0x00000000eb644840 at C:\re\jdk7u79\2331\hotspot\src\share\vm\prims\jvm.cpp:1304
Event: 0.507 Thread 0x00000000023b0800 Threw 0x00000000eb649a48 at C:\re\jdk7u79\2331\hotspot\src\share\vm\prims\jvm.cpp:1304
Event: 0.508 Thread 0x00000000023b0800 Threw 0x00000000eb64f0d8 at C:\re\jdk7u79\2331\hotspot\src\share\vm\prims\jvm.cpp:1304
Event: 0.508 Thread 0x00000000023b0800 Threw 0x00000000eb651490 at C:\re\jdk7u79\2331\hotspot\src\share\vm\prims\jvm.cpp:1304
Event: 0.508 Thread 0x00000000023b0800 Threw 0x00000000eb655f20 at C:\re\jdk7u79\2331\hotspot\src\share\vm\prims\jvm.cpp:1304
Event: 0.509 Thread 0x00000000023b0800 Threw 0x00000000eb65b920 at C:\re\jdk7u79\2331\hotspot\src\share\vm\prims\jvm.cpp:1304
Event: 0.510 Thread 0x00000000023b0800 Threw 0x00000000eb65ec88 at C:\re\jdk7u79\2331\hotspot\src\share\vm\prims\jvm.cpp:1304
Event: 0.511 Thread 0x00000000023b0800 Threw 0x00000000eb664e60 at C:\re\jdk7u79\2331\hotspot\src\share\vm\prims\jvm.cpp:1304
Event: 0.512 Thread 0x00000000023b0800 Threw 0x00000000eb674cf0 at C:\re\jdk7u79\2331\hotspot\src\share\vm\prims\jvm.cpp:1304
Event: 0.512 Thread 0x00000000023b0800 Threw 0x00000000eb676b48 at C:\re\jdk7u79\2331\hotspot\src\share\vm\prims\jvm.cpp:1304

Events (10 events):
Event: 0.510 loading class 0x000000000a8ea360
Event: 0.510 loading class 0x000000000a8ea360 done
Event: 0.510 loading class 0x000000000a8ca200
Event: 0.510 loading class 0x000000000a8ca200 done
Event: 0.511 loading class 0x000000000a8cfcb0
Event: 0.511 loading class 0x000000000a8cfcb0 done
Event: 0.512 loading class 0x000000000a8ca600
Event: 0.512 loading class 0x000000000a8ca600 done
Event: 0.512 loading class 0x000000000a8d08e0
Event: 0.512 loading class 0x000000000a8d08e0 done


Dynamic libraries:
0x00007ff7ebda0000 - 0x00007ff7ebdd3000 	C:\Program Files\Java\jdk1.7.0_79\bin\java.exe
0x00007ff8e7ce0000 - 0x00007ff8e7ea1000 	C:\Windows\SYSTEM32\ntdll.dll
0x00007ff8e7520000 - 0x00007ff8e75cd000 	C:\Windows\system32\KERNEL32.DLL
0x00007ff8e4c40000 - 0x00007ff8e4e28000 	C:\Windows\system32\KERNELBASE.dll
0x00007ff8e6ea0000 - 0x00007ff8e6f47000 	C:\Windows\system32\ADVAPI32.dll
0x00007ff8e7180000 - 0x00007ff8e721d000 	C:\Windows\system32\msvcrt.dll
0x00007ff8e6f50000 - 0x00007ff8e6fab000 	C:\Windows\system32\sechost.dll
0x00007ff8e7400000 - 0x00007ff8e751c000 	C:\Windows\system32\RPCRT4.dll
0x00007ff8e50c0000 - 0x00007ff8e5216000 	C:\Windows\system32\USER32.dll
0x00007ff8e6bd0000 - 0x00007ff8e6d56000 	C:\Windows\system32\GDI32.dll
0x00007ff8defd0000 - 0x00007ff8df244000 	C:\Windows\WinSxS\amd64_microsoft.windows.common-controls_6595b64144ccf1df_6.0.10586.0_none_8c15ae12515e1c22\COMCTL32.dll
0x00007ff8e7a60000 - 0x00007ff8e7cdd000 	C:\Windows\system32\combase.dll
0x00007ff8e5050000 - 0x00007ff8e50ba000 	C:\Windows\system32\bcryptPrimitives.dll
0x00007ff8e7760000 - 0x00007ff8e779b000 	C:\Windows\system32\IMM32.DLL
0x000000006e7b0000 - 0x000000006e882000 	C:\Program Files\Java\jdk1.7.0_79\jre\bin\msvcr100.dll
0x000000006ec40000 - 0x000000006f415000 	C:\Program Files\Java\jdk1.7.0_79\jre\bin\server\jvm.dll
0x00007ff8e75d0000 - 0x00007ff8e75d8000 	C:\Windows\system32\PSAPI.DLL
0x00007ff8e2790000 - 0x00007ff8e27b3000 	C:\Windows\SYSTEM32\WINMM.dll
0x00007ff8d68d0000 - 0x00007ff8d68d9000 	C:\Windows\SYSTEM32\WSOCK32.dll
0x00007ff8e75e0000 - 0x00007ff8e764b000 	C:\Windows\system32\WS2_32.dll
0x0000000000980000 - 0x00000000009ac000 	C:\Windows\SYSTEM32\WINMMBASE.dll
0x00007ff8e4e30000 - 0x00007ff8e4e73000 	C:\Windows\system32\cfgmgr32.dll
0x000000006ec30000 - 0x000000006ec3f000 	C:\Program Files\Java\jdk1.7.0_79\jre\bin\verify.dll
0x000000006ec00000 - 0x000000006ec28000 	C:\Program Files\Java\jdk1.7.0_79\jre\bin\java.dll
0x000000006ebe0000 - 0x000000006ebf5000 	C:\Program Files\Java\jdk1.7.0_79\jre\bin\zip.dll
0x000000006ebc0000 - 0x000000006ebda000 	C:\Program Files\Java\jdk1.7.0_79\jre\bin\net.dll
0x00007ff8e3c00000 - 0x00007ff8e3c5c000 	C:\Windows\system32\mswsock.dll
0x000000006eba0000 - 0x000000006ebb1000 	C:\Program Files\Java\jdk1.7.0_79\jre\bin\nio.dll

VM Arguments:
jvm_args: -Djava.awt.headless=true -Xmx1024M -Dfile.encoding=windows-1252 -Duser.country=US -Duser.language=en -Duser.variant 
java_command: com.android.dx.command.Main --dex --num-threads=4 --multi-dex --output E:\BasilioV\Dropbox\Developer\AndroidstudioProjects\AndroidWorkshopTestOne\app\build\intermediates\transforms\dex\debug\folders\1000\10\internal_impl-23.1.1_a3de9ed480d2c2b3998fe297b5ad4f328f864ff9 E:\BasilioV\Dropbox\Developer\AndroidstudioProjects\AndroidWorkshopTestOne\app\build\intermediates\exploded-aar\com.android.support\support-v4\23.1.1\jars\libs\internal_impl-23.1.1.jar
Launcher Type: SUN_STANDARD

Environment Variables:
PATH=C:\Program Files (x86)\NVIDIA Corporation\PhysX\Common;C:\Program Files (x86)\Intel\iCLS Client\;C:\Program Files\Intel\iCLS Client\;C:\Windows\system32;C:\Windows;C:\Windows\System32\Wbem;C:\Windows\System32\WindowsPowerShell\v1.0\;C:\Program Files (x86)\Intel\Intel(R) Management Engine Components\DAL;C:\Program Files\Intel\Intel(R) Management Engine Components\DAL;C:\Program Files (x86)\Intel\Intel(R) Management Engine Components\IPT;C:\Program Files\Intel\Intel(R) Management Engine Components\IPT;C:\Program Files (x86)\Microsoft SQL Server\100\Tools\Binn\;C:\Program Files (x86)\Microsoft SQL Server\100\DTS\Binn\
USERNAME=BasiV
OS=Windows_NT
PROCESSOR_IDENTIFIER=Intel64 Family 6 Model 94 Stepping 3, GenuineIntel



---------------  S Y S T E M  ---------------

OS: Windows 8.1 , 64 bit Build 9600 

CPU:total 8 (4 cores per cpu, 2 threads per core) family 6 model 94 stepping 3, cmov, cx8, fxsr, mmx, sse, sse2, sse3, ssse3, sse4.1, sse4.2, popcnt, avx, avx2, aes, erms, ht, tsc, tscinvbit

Memory: 4k page, physical 8305460k(1373524k free), swap 9354036k(5376k free)

vm_info: Java HotSpot(TM) 64-Bit Server VM (24.79-b02) for windows-amd64 JRE (1.7.0_79-b15), built on Apr 10 2015 12:36:16 by "java_re" with unknown MS VC++:1600

time: Tue Feb 16 23:00:53 2016
elapsed time: 0 seconds

