#
# There is insufficient memory for the Java Runtime Environment to continue.
# Native memory allocation (malloc) failed to allocate 344976 bytes for Chunk::new
# Possible reasons:
#   The system is out of physical RAM or swap space
#   In 32 bit mode, the process size limit was hit
# Possible solutions:
#   Reduce memory load on the system
#   Increase physical memory or swap space
#   Check if swap backing store is full
#   Use 64 bit Java on a 64 bit OS
#   Decrease Java heap size (-Xmx/-Xms)
#   Decrease number of Java threads
#   Decrease Java thread stack sizes (-Xss)
#   Set larger code cache with -XX:ReservedCodeCacheSize=
# This output file may be truncated or incomplete.
#
#  Out of Memory Error (allocation.cpp:323), pid=9016, tid=10680
#
# JRE version: Java(TM) SE Runtime Environment (7.0_79-b15) (build 1.7.0_79-b15)
# Java VM: Java HotSpot(TM) 64-Bit Server VM (24.79-b02 mixed mode windows-amd64 compressed oops)
# Failed to write core dump. Minidumps are not enabled by default on client versions of Windows
#

---------------  T H R E A D  ---------------

Current thread (0x000000000a551000):  JavaThread "C2 CompilerThread0" daemon [_thread_in_native, id=10680, stack(0x000000000ab30000,0x000000000ac30000)]

Stack: [0x000000000ab30000,0x000000000ac30000]

Current CompileTask:
C2:    506  127             com.android.dx.ssa.back.LivenessAnalyzer::run (231 bytes)


---------------  P R O C E S S  ---------------

Java Threads: ( => current thread )
  0x000000000a76c000 JavaThread "pool-2-thread-4" [_thread_in_Java, id=668, stack(0x000000000b330000,0x000000000b430000)]
  0x000000000a768800 JavaThread "pool-2-thread-3" [_thread_blocked, id=7052, stack(0x000000000b230000,0x000000000b330000)]
  0x000000000a586000 JavaThread "pool-2-thread-2" [_thread_blocked, id=13504, stack(0x000000000b130000,0x000000000b230000)]
  0x000000000a585800 JavaThread "pool-3-thread-1" [_thread_blocked, id=2104, stack(0x000000000b030000,0x000000000b130000)]
  0x000000000a795000 JavaThread "pool-2-thread-1" [_thread_blocked, id=7828, stack(0x000000000af30000,0x000000000b030000)]
  0x00000000021d5000 JavaThread "Service Thread" daemon [_thread_blocked, id=4852, stack(0x000000000ad30000,0x000000000ae30000)]
  0x00000000021cf000 JavaThread "C2 CompilerThread1" daemon [_thread_blocked, id=13736, stack(0x000000000ac30000,0x000000000ad30000)]
=>0x000000000a551000 JavaThread "C2 CompilerThread0" daemon [_thread_in_native, id=10680, stack(0x000000000ab30000,0x000000000ac30000)]
  0x00000000021cd800 JavaThread "Attach Listener" daemon [_thread_blocked, id=4376, stack(0x000000000aa30000,0x000000000ab30000)]
  0x000000000a550800 JavaThread "Signal Dispatcher" daemon [_thread_blocked, id=4344, stack(0x000000000a930000,0x000000000aa30000)]
  0x0000000008541000 JavaThread "Finalizer" daemon [_thread_blocked, id=14288, stack(0x000000000a430000,0x000000000a530000)]
  0x0000000008539800 JavaThread "Reference Handler" daemon [_thread_blocked, id=8104, stack(0x000000000a330000,0x000000000a430000)]
  0x00000000020e0800 JavaThread "main" [_thread_in_Java, id=5648, stack(0x0000000001fc0000,0x00000000020c0000)]

Other Threads:
  0x0000000008535800 VMThread [stack: 0x000000000a230000,0x000000000a330000] [id=5072]
  0x00000000021d9800 WatcherThread [stack: 0x000000000ae30000,0x000000000af30000] [id=12900]

VM state:not at safepoint (normal execution)

VM Mutex/Monitor currently owned by a thread: None

Heap
 PSYoungGen      total 38400K, used 17595K [0x00000000eaa80000, 0x00000000ed500000, 0x0000000100000000)
  eden space 33280K, 52% used [0x00000000eaa80000,0x00000000ebbaefc8,0x00000000ecb00000)
  from space 5120K, 0% used [0x00000000ed000000,0x00000000ed000000,0x00000000ed500000)
  to   space 5120K, 0% used [0x00000000ecb00000,0x00000000ecb00000,0x00000000ed000000)
 ParOldGen       total 86528K, used 0K [0x00000000c0000000, 0x00000000c5480000, 0x00000000eaa80000)
  object space 86528K, 0% used [0x00000000c0000000,0x00000000c0000000,0x00000000c5480000)
 PSPermGen       total 21504K, used 5661K [0x00000000bae00000, 0x00000000bc300000, 0x00000000c0000000)
  object space 21504K, 26% used [0x00000000bae00000,0x00000000bb3876c0,0x00000000bc300000)

Card table byte_map: [0x00000000052b0000,0x00000000054e0000] byte_map_base: 0x0000000004cd9000

Polling page: 0x0000000000550000

Code Cache  [0x00000000021f0000, 0x0000000002460000, 0x00000000051f0000)
 total_blobs=366 nmethods=129 adapters=189 free_code_cache=48578Kb largest_free_block=49722432

Compilation events (10 events):
Event: 0.500 Thread 0x00000000021cf000  126             com.android.dx.ssa.SsaBasicBlock::forEachInsn (37 bytes)
Event: 0.500 Thread 0x000000000a551000 nmethod 125 0x0000000002280010 code [0x0000000002280160, 0x0000000002280298]
Event: 0.500 Thread 0x000000000a551000  127             com.android.dx.ssa.back.LivenessAnalyzer::run (231 bytes)
Event: 0.502 Thread 0x00000000021cf000 nmethod 126 0x000000000227c7d0 code [0x000000000227c940, 0x000000000227cb98]
Event: 0.502 Thread 0x00000000021cf000  128             com.android.dx.ssa.NormalSsaInsn::isNormalMoveInsn (20 bytes)
Event: 0.503 Thread 0x00000000021cf000 nmethod 128 0x000000000227fdd0 code [0x000000000227ff00, 0x000000000227ff78]
Event: 0.503 Thread 0x00000000021cf000  129             com.android.dx.ssa.SsaBasicBlock::getPredecessors (5 bytes)
Event: 0.503 Thread 0x00000000021cf000 nmethod 129 0x0000000002283290 code [0x00000000022833c0, 0x0000000002283418]
Event: 0.503 Thread 0x00000000021cf000  130             com.android.dx.rop.code.RegisterSpec::equals (51 bytes)
Event: 0.504 Thread 0x00000000021cf000 nmethod 130 0x0000000002284450 code [0x00000000022845a0, 0x0000000002284938]

GC Heap History (0 events):
No events

Deoptimization events (6 events):
Event: 0.421 Thread 0x000000000a795000 Uncommon trap: reason=null_check action=make_not_entrant pc=0x00000000022699a4 method=com.android.dx.rop.code.LocalItem.equals(Ljava/lang/Object;)Z @ 1
Event: 0.484 Thread 0x000000000a76c000 Uncommon trap: reason=class_check action=maybe_recompile pc=0x00000000022771b4 method=com.android.dx.ssa.NormalSsaInsn.accept(Lcom/android/dx/ssa/SsaInsn$Visitor;)V @ 9
Event: 0.484 Thread 0x000000000a76c000 Uncommon trap: reason=class_check action=maybe_recompile pc=0x00000000022771b4 method=com.android.dx.ssa.NormalSsaInsn.accept(Lcom/android/dx/ssa/SsaInsn$Visitor;)V @ 9
Event: 0.484 Thread 0x000000000a76c000 Uncommon trap: reason=class_check action=maybe_recompile pc=0x00000000022771b4 method=com.android.dx.ssa.NormalSsaInsn.accept(Lcom/android/dx/ssa/SsaInsn$Visitor;)V @ 9
Event: 0.484 Thread 0x000000000a76c000 Uncommon trap: reason=class_check action=maybe_recompile pc=0x00000000022771b4 method=com.android.dx.ssa.NormalSsaInsn.accept(Lcom/android/dx/ssa/SsaInsn$Visitor;)V @ 9
Event: 0.485 Thread 0x000000000a76c000 Uncommon trap: reason=class_check action=maybe_recompile pc=0x0000000002268798 method=com.android.dx.ssa.NormalSsaInsn.accept(Lcom/android/dx/ssa/SsaInsn$Visitor;)V @ 9

Internal exceptions (10 events):
Event: 0.373 Thread 0x000000000a768800 Threw 0x00000000eb283698 at C:\re\jdk7u79\2331\hotspot\src\share\vm\prims\jvm.cpp:1304
Event: 0.375 Thread 0x000000000a768800 Threw 0x00000000eb28fc38 at C:\re\jdk7u79\2331\hotspot\src\share\vm\prims\jvm.cpp:1304
Event: 0.376 Thread 0x000000000a768800 Threw 0x00000000eb295c48 at C:\re\jdk7u79\2331\hotspot\src\share\vm\prims\jvm.cpp:1304
Event: 0.377 Thread 0x000000000a768800 Threw 0x00000000eb29a2f8 at C:\re\jdk7u79\2331\hotspot\src\share\vm\prims\jvm.cpp:1304
Event: 0.378 Thread 0x000000000a768800 Threw 0x00000000eb2a46a8 at C:\re\jdk7u79\2331\hotspot\src\share\vm\prims\jvm.cpp:1304
Event: 0.385 Thread 0x000000000a586000 Threw 0x00000000eb3e9fc8 at C:\re\jdk7u79\2331\hotspot\src\share\vm\prims\jvm.cpp:1304
Event: 0.402 Thread 0x000000000a76c000 Threw 0x00000000eb56a990 at C:\re\jdk7u79\2331\hotspot\src\share\vm\prims\jvm.cpp:1304
Event: 0.408 Thread 0x000000000a795000 Threw 0x00000000eb6c4fc8 at C:\re\jdk7u79\2331\hotspot\src\share\vm\prims\jvm.cpp:1304
Event: 0.415 Thread 0x000000000a586000 Threw 0x00000000eb413dd0 at C:\re\jdk7u79\2331\hotspot\src\share\vm\prims\jvm.cpp:1304
Event: 0.421 Thread 0x000000000a795000 Implicit null exception at 0x000000000226959c to 0x000000000226998d

Events (10 events):
Event: 0.484 Thread 0x000000000a76c000 DEOPT PACKING pc=0x00000000022771b4 sp=0x000000000b42e810
Event: 0.484 Thread 0x000000000a76c000 DEOPT UNPACKING pc=0x00000000022275a4 sp=0x000000000b42e700 mode 2
Event: 0.484 Thread 0x000000000a76c000 Uncommon trap: trap_request=0xffffffde fr.pc=0x00000000022771b4
Event: 0.484 Thread 0x000000000a76c000 DEOPT PACKING pc=0x00000000022771b4 sp=0x000000000b42ea80
Event: 0.484 Thread 0x000000000a76c000 DEOPT UNPACKING pc=0x00000000022275a4 sp=0x000000000b42e970 mode 2
Event: 0.485 Thread 0x000000000a76c000 Uncommon trap: trap_request=0xffffffde fr.pc=0x0000000002268798
Event: 0.485 Thread 0x000000000a76c000 DEOPT PACKING pc=0x0000000002268798 sp=0x000000000b42ea50
Event: 0.485 Thread 0x000000000a76c000 DEOPT UNPACKING pc=0x00000000022275a4 sp=0x000000000b42e9a0 mode 2
Event: 0.486 loading class 0x00000000021662f0
Event: 0.486 loading class 0x00000000021662f0 done


Dynamic libraries:
0x00007ff7ebda0000 - 0x00007ff7ebdd3000 	C:\Program Files\Java\jdk1.7.0_79\bin\java.exe
0x00007ff8e7ce0000 - 0x00007ff8e7ea1000 	C:\Windows\SYSTEM32\ntdll.dll
0x00007ff8e7520000 - 0x00007ff8e75cd000 	C:\Windows\system32\KERNEL32.DLL
0x00007ff8e4c40000 - 0x00007ff8e4e28000 	C:\Windows\system32\KERNELBASE.dll
0x00007ff8e6ea0000 - 0x00007ff8e6f47000 	C:\Windows\system32\ADVAPI32.dll
0x00007ff8e7180000 - 0x00007ff8e721d000 	C:\Windows\system32\msvcrt.dll
0x00007ff8e6f50000 - 0x00007ff8e6fab000 	C:\Windows\system32\sechost.dll
0x00007ff8e7400000 - 0x00007ff8e751c000 	C:\Windows\system32\RPCRT4.dll
0x00007ff8e50c0000 - 0x00007ff8e5216000 	C:\Windows\system32\USER32.dll
0x00007ff8e6bd0000 - 0x00007ff8e6d56000 	C:\Windows\system32\GDI32.dll
0x00007ff8defd0000 - 0x00007ff8df244000 	C:\Windows\WinSxS\amd64_microsoft.windows.common-controls_6595b64144ccf1df_6.0.10586.0_none_8c15ae12515e1c22\COMCTL32.dll
0x00007ff8e7a60000 - 0x00007ff8e7cdd000 	C:\Windows\system32\combase.dll
0x00007ff8e5050000 - 0x00007ff8e50ba000 	C:\Windows\system32\bcryptPrimitives.dll
0x00007ff8e7760000 - 0x00007ff8e779b000 	C:\Windows\system32\IMM32.DLL
0x000000006e7b0000 - 0x000000006e882000 	C:\Program Files\Java\jdk1.7.0_79\jre\bin\msvcr100.dll
0x000000006ec40000 - 0x000000006f415000 	C:\Program Files\Java\jdk1.7.0_79\jre\bin\server\jvm.dll
0x00007ff8e75d0000 - 0x00007ff8e75d8000 	C:\Windows\system32\PSAPI.DLL
0x00007ff8d68d0000 - 0x00007ff8d68d9000 	C:\Windows\SYSTEM32\WSOCK32.dll
0x00007ff8e2790000 - 0x00007ff8e27b3000 	C:\Windows\SYSTEM32\WINMM.dll
0x00007ff8e75e0000 - 0x00007ff8e764b000 	C:\Windows\system32\WS2_32.dll
0x00007ff8e2730000 - 0x00007ff8e275c000 	C:\Windows\SYSTEM32\winmmbase.dll
0x00007ff8e4e30000 - 0x00007ff8e4e73000 	C:\Windows\system32\cfgmgr32.dll
0x000000006ec30000 - 0x000000006ec3f000 	C:\Program Files\Java\jdk1.7.0_79\jre\bin\verify.dll
0x000000006ec00000 - 0x000000006ec28000 	C:\Program Files\Java\jdk1.7.0_79\jre\bin\java.dll
0x000000006ebe0000 - 0x000000006ebf5000 	C:\Program Files\Java\jdk1.7.0_79\jre\bin\zip.dll
0x000000006ebc0000 - 0x000000006ebda000 	C:\Program Files\Java\jdk1.7.0_79\jre\bin\net.dll
0x00007ff8e3c00000 - 0x00007ff8e3c5c000 	C:\Windows\system32\mswsock.dll
0x000000006eba0000 - 0x000000006ebb1000 	C:\Program Files\Java\jdk1.7.0_79\jre\bin\nio.dll

VM Arguments:
jvm_args: -Djava.awt.headless=true -Xmx1024M -Dfile.encoding=windows-1252 -Duser.country=US -Duser.language=en -Duser.variant 
java_command: com.android.dx.command.Main --dex --num-threads=4 --multi-dex --output E:\BasilioV\Dropbox\Developer\AndroidstudioProjects\AndroidWorkshopTestOne\app\build\intermediates\transforms\dex\debug\folders\1000\10\instant-run_82a1cf762d2dd5acc1b12cdf4935ef6e7d490fb1 E:\BasilioV\Dropbox\Developer\AndroidstudioProjects\AndroidWorkshopTestOne\app\build\intermediates\incremental-runtime-classes\debug\instant-run.jar
Launcher Type: SUN_STANDARD

Environment Variables:
PATH=C:\Program Files (x86)\NVIDIA Corporation\PhysX\Common;C:\Program Files (x86)\Intel\iCLS Client\;C:\Program Files\Intel\iCLS Client\;C:\Windows\system32;C:\Windows;C:\Windows\System32\Wbem;C:\Windows\System32\WindowsPowerShell\v1.0\;C:\Program Files (x86)\Intel\Intel(R) Management Engine Components\DAL;C:\Program Files\Intel\Intel(R) Management Engine Components\DAL;C:\Program Files (x86)\Intel\Intel(R) Management Engine Components\IPT;C:\Program Files\Intel\Intel(R) Management Engine Components\IPT;C:\Program Files (x86)\Microsoft SQL Server\100\Tools\Binn\;C:\Program Files (x86)\Microsoft SQL Server\100\DTS\Binn\
USERNAME=BasiV
OS=Windows_NT
PROCESSOR_IDENTIFIER=Intel64 Family 6 Model 94 Stepping 3, GenuineIntel



---------------  S Y S T E M  ---------------

OS: Windows 8.1 , 64 bit Build 9600 

CPU:total 8 (4 cores per cpu, 2 threads per core) family 6 model 94 stepping 3, cmov, cx8, fxsr, mmx, sse, sse2, sse3, ssse3, sse4.1, sse4.2, popcnt, avx, avx2, aes, erms, ht, tsc, tscinvbit

Memory: 4k page, physical 8305460k(1371644k free), swap 9354036k(4252k free)

vm_info: Java HotSpot(TM) 64-Bit Server VM (24.79-b02) for windows-amd64 JRE (1.7.0_79-b15), built on Apr 10 2015 12:36:16 by "java_re" with unknown MS VC++:1600

time: Tue Feb 16 23:00:53 2016
elapsed time: 0 seconds

