#
# There is insufficient memory for the Java Runtime Environment to continue.
# Native memory allocation (malloc) failed to allocate 205056 bytes for Chunk::new
# Possible reasons:
#   The system is out of physical RAM or swap space
#   In 32 bit mode, the process size limit was hit
# Possible solutions:
#   Reduce memory load on the system
#   Increase physical memory or swap space
#   Check if swap backing store is full
#   Use 64 bit Java on a 64 bit OS
#   Decrease Java heap size (-Xmx/-Xms)
#   Decrease number of Java threads
#   Decrease Java thread stack sizes (-Xss)
#   Set larger code cache with -XX:ReservedCodeCacheSize=
# This output file may be truncated or incomplete.
#
#  Out of Memory Error (allocation.cpp:323), pid=13924, tid=13864
#
# JRE version: Java(TM) SE Runtime Environment (7.0_79-b15) (build 1.7.0_79-b15)
# Java VM: Java HotSpot(TM) 64-Bit Server VM (24.79-b02 mixed mode windows-amd64 compressed oops)
# Failed to write core dump. Minidumps are not enabled by default on client versions of Windows
#

---------------  T H R E A D  ---------------

Current thread (0x000000000a728800):  JavaThread "C2 CompilerThread1" daemon [_thread_in_native, id=13864, stack(0x000000000ae00000,0x000000000af00000)]

Stack: [0x000000000ae00000,0x000000000af00000]

Current CompileTask:
C2:    491   76             java.util.TreeMap::put (247 bytes)


---------------  P R O C E S S  ---------------

Java Threads: ( => current thread )
  0x000000000a864800 JavaThread "pool-2-thread-4" [_thread_in_Java, id=6104, stack(0x000000000b500000,0x000000000b600000)]
  0x000000000a863800 JavaThread "pool-2-thread-3" [_thread_in_Java, id=12480, stack(0x000000000b400000,0x000000000b500000)]
  0x000000000a827800 JavaThread "pool-3-thread-1" [_thread_blocked, id=14300, stack(0x000000000b200000,0x000000000b300000)]
  0x000000000a729000 JavaThread "Service Thread" daemon [_thread_blocked, id=11768, stack(0x000000000af00000,0x000000000b000000)]
=>0x000000000a728800 JavaThread "C2 CompilerThread1" daemon [_thread_in_native, id=13864, stack(0x000000000ae00000,0x000000000af00000)]
  0x000000000241e000 JavaThread "C2 CompilerThread0" daemon [_thread_in_native, id=4928, stack(0x000000000ad00000,0x000000000ae00000)]
  0x000000000a721000 JavaThread "Attach Listener" daemon [_thread_blocked, id=1960, stack(0x000000000ac00000,0x000000000ad00000)]
  0x000000000a720800 JavaThread "Signal Dispatcher" daemon [_thread_blocked, id=2448, stack(0x000000000ab00000,0x000000000ac00000)]
  0x0000000008720000 JavaThread "Finalizer" daemon [_thread_blocked, id=5748, stack(0x000000000a600000,0x000000000a700000)]
  0x0000000008719800 JavaThread "Reference Handler" daemon [_thread_blocked, id=9808, stack(0x000000000a500000,0x000000000a600000)]
  0x0000000002320800 JavaThread "main" [_thread_blocked, id=8436, stack(0x00000000021a0000,0x00000000022a0000)]

Other Threads:
  0x0000000008716000 VMThread [stack: 0x000000000a400000,0x000000000a500000] [id=12460]
  0x000000000a72d800 WatcherThread [stack: 0x000000000b000000,0x000000000b100000] [id=10576]

VM state:not at safepoint (normal execution)

VM Mutex/Monitor currently owned by a thread: None

Heap
 PSYoungGen      total 38400K, used 13330K [0x00000000eaa80000, 0x00000000ed500000, 0x0000000100000000)
  eden space 33280K, 40% used [0x00000000eaa80000,0x00000000eb7848f8,0x00000000ecb00000)
  from space 5120K, 0% used [0x00000000ed000000,0x00000000ed000000,0x00000000ed500000)
  to   space 5120K, 0% used [0x00000000ecb00000,0x00000000ecb00000,0x00000000ed000000)
 ParOldGen       total 86528K, used 0K [0x00000000c0000000, 0x00000000c5480000, 0x00000000eaa80000)
  object space 86528K, 0% used [0x00000000c0000000,0x00000000c0000000,0x00000000c5480000)
 PSPermGen       total 21504K, used 5155K [0x00000000bae00000, 0x00000000bc300000, 0x00000000c0000000)
  object space 21504K, 23% used [0x00000000bae00000,0x00000000bb308d38,0x00000000bc300000)

Card table byte_map: [0x00000000054e0000,0x0000000005710000] byte_map_base: 0x0000000004f09000

Polling page: 0x0000000000570000

Code Cache  [0x00000000024e0000, 0x0000000002750000, 0x00000000054e0000)
 total_blobs=290 nmethods=77 adapters=165 free_code_cache=48661Kb largest_free_block=49808192

Compilation events (10 events):
Event: 0.482 Thread 0x000000000241e000   72             java.util.TreeMap::parentOf (13 bytes)
Event: 0.483 Thread 0x000000000241e000 nmethod 72 0x0000000002557750 code [0x0000000002557880, 0x00000000025578d8]
Event: 0.483 Thread 0x000000000241e000   73             com.android.dx.rop.cst.CstString::compareTo0 (15 bytes)
Event: 0.483 Thread 0x000000000a728800 nmethod 71 0x0000000002558350 code [0x00000000025584c0, 0x00000000025589f8]
Event: 0.483 Thread 0x000000000241e000 nmethod 73 0x0000000002559510 code [0x0000000002559660, 0x0000000002559818]
Event: 0.484 Thread 0x000000000a728800   74   !         com.android.dx.util.FixedSizeList::set0 (22 bytes)
Event: 0.485 Thread 0x000000000a728800 nmethod 74 0x0000000002557fd0 code [0x0000000002558120, 0x0000000002558218]
Event: 0.486 Thread 0x000000000241e000   75             java.util.TreeMap::getEntry (84 bytes)
Event: 0.487 Thread 0x000000000a728800   76             java.util.TreeMap::put (247 bytes)
Event: 0.489 Thread 0x000000000241e000 nmethod 75 0x0000000002557950 code [0x0000000002557ac0, 0x0000000002557d08]

GC Heap History (0 events):
No events

Deoptimization events (2 events):
Event: 0.484 Thread 0x000000000a863800 Uncommon trap: reason=unreached action=reinterpret pc=0x0000000002553c78 method=com.android.dx.rop.code.RegisterSpecSet.mutableCopy()Lcom/android/dx/rop/code/RegisterSpecSet; @ 32
Event: 0.485 Thread 0x000000000a863800 Uncommon trap: reason=unreached action=reinterpret pc=0x0000000002554d80 method=com.android.dx.ssa.SsaRenamer$BlockRenamer.addMapping(ILcom/android/dx/rop/code/RegisterSpec;)V @ 66

Internal exceptions (10 events):
Event: 0.370 Thread 0x000000000a863800 Threw 0x00000000eb4ff668 at C:\re\jdk7u79\2331\hotspot\src\share\vm\prims\jvm.cpp:1304
Event: 0.373 Thread 0x000000000a863800 Threw 0x00000000eb50c308 at C:\re\jdk7u79\2331\hotspot\src\share\vm\prims\jvm.cpp:1304
Event: 0.374 Thread 0x000000000a864800 Threw 0x00000000eb46bdc8 at C:\re\jdk7u79\2331\hotspot\src\share\vm\prims\jvm.cpp:1304
Event: 0.374 Thread 0x000000000a863800 Threw 0x00000000eb512540 at C:\re\jdk7u79\2331\hotspot\src\share\vm\prims\jvm.cpp:1304
Event: 0.374 Thread 0x000000000a863800 Threw 0x00000000eb517d58 at C:\re\jdk7u79\2331\hotspot\src\share\vm\prims\jvm.cpp:1304
Event: 0.375 Thread 0x000000000a863800 Threw 0x00000000eb5207d0 at C:\re\jdk7u79\2331\hotspot\src\share\vm\prims\jvm.cpp:1304
Event: 0.376 Thread 0x000000000a863800 Threw 0x00000000eb525ab8 at C:\re\jdk7u79\2331\hotspot\src\share\vm\prims\jvm.cpp:1304
Event: 0.376 Thread 0x000000000a863800 Threw 0x00000000eb528ba8 at C:\re\jdk7u79\2331\hotspot\src\share\vm\prims\jvm.cpp:1304
Event: 0.376 Thread 0x000000000a863800 Threw 0x00000000eb52c250 at C:\re\jdk7u79\2331\hotspot\src\share\vm\prims\jvm.cpp:1304
Event: 0.389 Thread 0x000000000a863800 Threw 0x00000000eb576878 at C:\re\jdk7u79\2331\hotspot\src\share\vm\prims\jvm.cpp:1304

Events (10 events):
Event: 0.392 loading class 0x00000000023a62f0
Event: 0.392 loading class 0x00000000023a62f0 done
Event: 0.480 Thread 0x000000000a7c9000 Thread exited: 0x000000000a7c9000
Event: 0.480 Thread 0x000000000a828800 Thread exited: 0x000000000a828800
Event: 0.484 Thread 0x000000000a863800 Uncommon trap: trap_request=0xffffffad fr.pc=0x0000000002553c78
Event: 0.484 Thread 0x000000000a863800 DEOPT PACKING pc=0x0000000002553c78 sp=0x000000000b4fec30
Event: 0.484 Thread 0x000000000a863800 DEOPT UNPACKING pc=0x00000000025175a4 sp=0x000000000b4febd8 mode 2
Event: 0.485 Thread 0x000000000a863800 Uncommon trap: trap_request=0xffffffad fr.pc=0x0000000002554d80
Event: 0.485 Thread 0x000000000a863800 DEOPT PACKING pc=0x0000000002554d80 sp=0x000000000b4fead0
Event: 0.485 Thread 0x000000000a863800 DEOPT UNPACKING pc=0x00000000025175a4 sp=0x000000000b4fea78 mode 2


Dynamic libraries:
0x00007ff7ebda0000 - 0x00007ff7ebdd3000 	C:\Program Files\Java\jdk1.7.0_79\bin\java.exe
0x00007ff8e7ce0000 - 0x00007ff8e7ea1000 	C:\Windows\SYSTEM32\ntdll.dll
0x00007ff8e7520000 - 0x00007ff8e75cd000 	C:\Windows\system32\KERNEL32.DLL
0x00007ff8e4c40000 - 0x00007ff8e4e28000 	C:\Windows\system32\KERNELBASE.dll
0x00007ff8e6ea0000 - 0x00007ff8e6f47000 	C:\Windows\system32\ADVAPI32.dll
0x00007ff8e7180000 - 0x00007ff8e721d000 	C:\Windows\system32\msvcrt.dll
0x00007ff8e6f50000 - 0x00007ff8e6fab000 	C:\Windows\system32\sechost.dll
0x00007ff8e7400000 - 0x00007ff8e751c000 	C:\Windows\system32\RPCRT4.dll
0x00007ff8e50c0000 - 0x00007ff8e5216000 	C:\Windows\system32\USER32.dll
0x00007ff8e6bd0000 - 0x00007ff8e6d56000 	C:\Windows\system32\GDI32.dll
0x00007ff8defd0000 - 0x00007ff8df244000 	C:\Windows\WinSxS\amd64_microsoft.windows.common-controls_6595b64144ccf1df_6.0.10586.0_none_8c15ae12515e1c22\COMCTL32.dll
0x00007ff8e7a60000 - 0x00007ff8e7cdd000 	C:\Windows\system32\combase.dll
0x00007ff8e5050000 - 0x00007ff8e50ba000 	C:\Windows\system32\bcryptPrimitives.dll
0x00007ff8e7760000 - 0x00007ff8e779b000 	C:\Windows\system32\IMM32.DLL
0x000000006e7b0000 - 0x000000006e882000 	C:\Program Files\Java\jdk1.7.0_79\jre\bin\msvcr100.dll
0x000000006ec40000 - 0x000000006f415000 	C:\Program Files\Java\jdk1.7.0_79\jre\bin\server\jvm.dll
0x00007ff8e75d0000 - 0x00007ff8e75d8000 	C:\Windows\system32\PSAPI.DLL
0x00007ff8d68d0000 - 0x00007ff8d68d9000 	C:\Windows\SYSTEM32\WSOCK32.dll
0x00007ff8e75e0000 - 0x00007ff8e764b000 	C:\Windows\system32\WS2_32.dll
0x00007ff8e2790000 - 0x00007ff8e27b3000 	C:\Windows\SYSTEM32\WINMM.dll
0x00007ff8e2730000 - 0x00007ff8e275c000 	C:\Windows\SYSTEM32\WINMMBASE.dll
0x00007ff8e4e30000 - 0x00007ff8e4e73000 	C:\Windows\system32\cfgmgr32.dll
0x000000006ec30000 - 0x000000006ec3f000 	C:\Program Files\Java\jdk1.7.0_79\jre\bin\verify.dll
0x000000006ec00000 - 0x000000006ec28000 	C:\Program Files\Java\jdk1.7.0_79\jre\bin\java.dll
0x000000006ebe0000 - 0x000000006ebf5000 	C:\Program Files\Java\jdk1.7.0_79\jre\bin\zip.dll

VM Arguments:
jvm_args: -Djava.awt.headless=true -Xmx1024M -Dfile.encoding=windows-1252 -Duser.country=US -Duser.language=en -Duser.variant 
java_command: com.android.dx.command.Main --dex --num-threads=4 --multi-dex --output E:\BasilioV\Dropbox\Developer\AndroidstudioProjects\AndroidWorkshopTestOne\app\build\intermediates\transforms\dex\debug\folders\1000\5\slice_1_6c12f1e8e0a09b0110daa5869e2429f9feb094d3 E:\BasilioV\Dropbox\Developer\AndroidstudioProjects\AndroidWorkshopTestOne\app\build\intermediates\transforms\instantRunSlicer\debug\folders\1\5\slice_1
Launcher Type: SUN_STANDARD

Environment Variables:
PATH=C:\Program Files (x86)\NVIDIA Corporation\PhysX\Common;C:\Program Files (x86)\Intel\iCLS Client\;C:\Program Files\Intel\iCLS Client\;C:\Windows\system32;C:\Windows;C:\Windows\System32\Wbem;C:\Windows\System32\WindowsPowerShell\v1.0\;C:\Program Files (x86)\Intel\Intel(R) Management Engine Components\DAL;C:\Program Files\Intel\Intel(R) Management Engine Components\DAL;C:\Program Files (x86)\Intel\Intel(R) Management Engine Components\IPT;C:\Program Files\Intel\Intel(R) Management Engine Components\IPT;C:\Program Files (x86)\Microsoft SQL Server\100\Tools\Binn\;C:\Program Files (x86)\Microsoft SQL Server\100\DTS\Binn\
USERNAME=BasiV
OS=Windows_NT
PROCESSOR_IDENTIFIER=Intel64 Family 6 Model 94 Stepping 3, GenuineIntel



---------------  S Y S T E M  ---------------

OS: Windows 8.1 , 64 bit Build 9600 

CPU:total 8 (4 cores per cpu, 2 threads per core) family 6 model 94 stepping 3, cmov, cx8, fxsr, mmx, sse, sse2, sse3, ssse3, sse4.1, sse4.2, popcnt, avx, avx2, aes, erms, ht, tsc, tscinvbit

Memory: 4k page, physical 8305460k(1365348k free), swap 9354036k(3484k free)

vm_info: Java HotSpot(TM) 64-Bit Server VM (24.79-b02) for windows-amd64 JRE (1.7.0_79-b15), built on Apr 10 2015 12:36:16 by "java_re" with unknown MS VC++:1600

time: Tue Feb 16 23:00:53 2016
elapsed time: 0 seconds

