#
# There is insufficient memory for the Java Runtime Environment to continue.
# Native memory allocation (malloc) failed to allocate 1061136 bytes for Chunk::new
# Possible reasons:
#   The system is out of physical RAM or swap space
#   In 32 bit mode, the process size limit was hit
# Possible solutions:
#   Reduce memory load on the system
#   Increase physical memory or swap space
#   Check if swap backing store is full
#   Use 64 bit Java on a 64 bit OS
#   Decrease Java heap size (-Xmx/-Xms)
#   Decrease number of Java threads
#   Decrease Java thread stack sizes (-Xss)
#   Set larger code cache with -XX:ReservedCodeCacheSize=
# This output file may be truncated or incomplete.
#
#  Out of Memory Error (allocation.cpp:323), pid=2260, tid=6708
#
# JRE version: Java(TM) SE Runtime Environment (7.0_79-b15) (build 1.7.0_79-b15)
# Java VM: Java HotSpot(TM) 64-Bit Server VM (24.79-b02 mixed mode windows-amd64 compressed oops)
# Failed to write core dump. Minidumps are not enabled by default on client versions of Windows
#

---------------  T H R E A D  ---------------

Current thread (0x0000000002410000):  JavaThread "C2 CompilerThread1" daemon [_thread_in_native, id=6708, stack(0x000000000ad30000,0x000000000ae30000)]

Stack: [0x000000000ad30000,0x000000000ae30000]

Current CompileTask:
C2:   1156  249             com.android.dx.ssa.SCCP::simulateBlock (54 bytes)


---------------  P R O C E S S  ---------------

Java Threads: ( => current thread )
  0x000000000a82a800 JavaThread "pool-2-thread-4" [_thread_blocked, id=12544, stack(0x000000000b430000,0x000000000b530000)]
  0x000000000a829800 JavaThread "pool-2-thread-3" [_thread_blocked, id=5960, stack(0x000000000b330000,0x000000000b430000)]
  0x000000000a829000 JavaThread "pool-2-thread-2" [_thread_blocked, id=7744, stack(0x000000000b230000,0x000000000b330000)]
  0x000000000a955800 JavaThread "pool-3-thread-1" [_thread_blocked, id=13932, stack(0x000000000b130000,0x000000000b230000)]
  0x000000000a900000 JavaThread "pool-2-thread-1" [_thread_blocked, id=272, stack(0x000000000b030000,0x000000000b130000)]
  0x0000000002412800 JavaThread "Service Thread" daemon [_thread_blocked, id=6712, stack(0x000000000ae30000,0x000000000af30000)]
=>0x0000000002410000 JavaThread "C2 CompilerThread1" daemon [_thread_in_native, id=6708, stack(0x000000000ad30000,0x000000000ae30000)]
  0x000000000240e000 JavaThread "C2 CompilerThread0" daemon [_thread_in_native, id=5468, stack(0x000000000ac30000,0x000000000ad30000)]
  0x000000000240d000 JavaThread "Attach Listener" daemon [_thread_blocked, id=5396, stack(0x000000000ab30000,0x000000000ac30000)]
  0x000000000a651000 JavaThread "Signal Dispatcher" daemon [_thread_blocked, id=12832, stack(0x000000000aa30000,0x000000000ab30000)]
  0x000000000865a800 JavaThread "Finalizer" daemon [_thread_blocked, id=6680, stack(0x000000000a530000,0x000000000a630000)]
  0x0000000008659800 JavaThread "Reference Handler" daemon [_thread_blocked, id=9016, stack(0x000000000a430000,0x000000000a530000)]
  0x0000000002320800 JavaThread "main" [_thread_in_Java, id=7892, stack(0x0000000002220000,0x0000000002320000)]

Other Threads:
  0x0000000008656000 VMThread [stack: 0x000000000a330000,0x000000000a430000] [id=14332]
  0x000000000241e800 WatcherThread [stack: 0x000000000af30000,0x000000000b030000] [id=3452]

VM state:not at safepoint (normal execution)

VM Mutex/Monitor currently owned by a thread: None

Heap
 PSYoungGen      total 38400K, used 21171K [0x00000000eaa80000, 0x00000000ed500000, 0x0000000100000000)
  eden space 33280K, 48% used [0x00000000eaa80000,0x00000000eba33e38,0x00000000ecb00000)
  from space 5120K, 99% used [0x00000000ecb00000,0x00000000ecff9128,0x00000000ed000000)
  to   space 5120K, 0% used [0x00000000ed000000,0x00000000ed000000,0x00000000ed500000)
 ParOldGen       total 86528K, used 1138K [0x00000000c0000000, 0x00000000c5480000, 0x00000000eaa80000)
  object space 86528K, 1% used [0x00000000c0000000,0x00000000c011cae0,0x00000000c5480000)
 PSPermGen       total 21504K, used 5879K [0x00000000bae00000, 0x00000000bc300000, 0x00000000c0000000)
  object space 21504K, 27% used [0x00000000bae00000,0x00000000bb3bdfe0,0x00000000bc300000)

Card table byte_map: [0x0000000005420000,0x0000000005650000] byte_map_base: 0x0000000004e49000

Polling page: 0x0000000000540000

Code Cache  [0x0000000002420000, 0x0000000002690000, 0x0000000005420000)
 total_blobs=485 nmethods=248 adapters=189 free_code_cache=48211Kb largest_free_block=49333312

Compilation events (10 events):
Event: 1.046 Thread 0x0000000002410000 nmethod 244 0x00000000025078d0 code [0x0000000002507a20, 0x0000000002507bd8]
Event: 1.046 Thread 0x0000000002410000  245             java.util.ArrayList::ensureCapacity (28 bytes)
Event: 1.047 Thread 0x0000000002410000 nmethod 245 0x0000000002507510 code [0x0000000002507660, 0x0000000002507778]
Event: 1.047 Thread 0x0000000002410000  246             com.android.dx.rop.code.LocalVariableExtractor::processBlock (327 bytes)
Event: 1.075 Thread 0x0000000002410000 nmethod 246 0x000000000250f7d0 code [0x000000000250faa0, 0x00000000025112b8]
Event: 1.075 Thread 0x0000000002410000  247             java.util.HashMap::<init> (9 bytes)
Event: 1.076 Thread 0x0000000002410000 nmethod 247 0x0000000002507250 code [0x00000000025073a0, 0x0000000002507458]
Event: 1.076 Thread 0x0000000002410000  248             com.android.dx.rop.code.Rop::isCallLike (5 bytes)
Event: 1.076 Thread 0x0000000002410000 nmethod 248 0x0000000002507050 code [0x0000000002507180, 0x00000000025071d8]
Event: 1.076 Thread 0x0000000002410000  249             com.android.dx.ssa.SCCP::simulateBlock (54 bytes)

GC Heap History (2 events):
Event: 0.730 GC heap before
{Heap before GC invocations=1 (full 0):
 PSYoungGen      total 38400K, used 33280K [0x00000000eaa80000, 0x00000000ed500000, 0x0000000100000000)
  eden space 33280K, 100% used [0x00000000eaa80000,0x00000000ecb00000,0x00000000ecb00000)
  from space 5120K, 0% used [0x00000000ed000000,0x00000000ed000000,0x00000000ed500000)
  to   space 5120K, 0% used [0x00000000ecb00000,0x00000000ecb00000,0x00000000ed000000)
 ParOldGen       total 86528K, used 0K [0x00000000c0000000, 0x00000000c5480000, 0x00000000eaa80000)
  object space 86528K, 0% used [0x00000000c0000000,0x00000000c0000000,0x00000000c5480000)
 PSPermGen       total 21504K, used 5832K [0x00000000bae00000, 0x00000000bc300000, 0x00000000c0000000)
  object space 21504K, 27% used [0x00000000bae00000,0x00000000bb3b2090,0x00000000bc300000)
Event: 0.768 GC heap after
Heap after GC invocations=1 (full 0):
 PSYoungGen      total 38400K, used 5092K [0x00000000eaa80000, 0x00000000ed500000, 0x0000000100000000)
  eden space 33280K, 0% used [0x00000000eaa80000,0x00000000eaa80000,0x00000000ecb00000)
  from space 5120K, 99% used [0x00000000ecb00000,0x00000000ecff9128,0x00000000ed000000)
  to   space 5120K, 0% used [0x00000000ed000000,0x00000000ed000000,0x00000000ed500000)
 ParOldGen       total 86528K, used 1138K [0x00000000c0000000, 0x00000000c5480000, 0x00000000eaa80000)
  object space 86528K, 1% used [0x00000000c0000000,0x00000000c011cae0,0x00000000c5480000)
 PSPermGen       total 21504K, used 5832K [0x00000000bae00000, 0x00000000bc300000, 0x00000000c0000000)
  object space 21504K, 27% used [0x00000000bae00000,0x00000000bb3b2090,0x00000000bc300000)
}

Deoptimization events (9 events):
Event: 0.575 Thread 0x000000000a82a800 Uncommon trap: reason=class_check action=maybe_recompile pc=0x000000000249da34 method=com.android.dx.ssa.NormalSsaInsn.accept(Lcom/android/dx/ssa/SsaInsn$Visitor;)V @ 9
Event: 0.603 Thread 0x000000000a82a800 Uncommon trap: reason=null_check action=make_not_entrant pc=0x00000000024a256c method=com.android.dx.rop.code.LocalItem.equals(Ljava/lang/Object;)Z @ 1
Event: 0.607 Thread 0x000000000a829000 Uncommon trap: reason=class_check action=maybe_recompile pc=0x000000000249da34 method=com.android.dx.ssa.NormalSsaInsn.accept(Lcom/android/dx/ssa/SsaInsn$Visitor;)V @ 9
Event: 0.647 Thread 0x0000000002320800 Uncommon trap: reason=class_check action=maybe_recompile pc=0x000000000249da34 method=com.android.dx.ssa.NormalSsaInsn.accept(Lcom/android/dx/ssa/SsaInsn$Visitor;)V @ 9
Event: 0.660 Thread 0x000000000a829000 Uncommon trap: reason=class_check action=maybe_recompile pc=0x000000000249da34 method=com.android.dx.ssa.NormalSsaInsn.accept(Lcom/android/dx/ssa/SsaInsn$Visitor;)V @ 9
Event: 0.797 Thread 0x000000000a829800 Uncommon trap: reason=null_check action=make_not_entrant pc=0x00000000024ce244 method=com.android.dx.ssa.SsaRenamer.getLocalForNewReg(I)Lcom/android/dx/rop/code/LocalItem; @ 19
Event: 0.988 Thread 0x0000000002320800 Uncommon trap: reason=unreached action=reinterpret pc=0x00000000024a3f84 method=com.android.dx.rop.cst.Constant.compareTo(Lcom/android/dx/rop/cst/Constant;)I @ 12
Event: 1.029 Thread 0x0000000002320800 Uncommon trap: reason=unreached action=reinterpret pc=0x00000000024e7c60 method=com.android.dx.ssa.LocalVariableExtractor.processBlock(I)V @ 251
Event: 1.087 Thread 0x0000000002320800 Uncommon trap: reason=unreached action=reinterpret pc=0x00000000025109f8 method=com.android.dx.rop.code.LocalVariableExtractor.processBlock(I)V @ 195

Internal exceptions (10 events):
Event: 0.456 Thread 0x000000000a829000 Threw 0x00000000eb9cd438 at C:\re\jdk7u79\2331\hotspot\src\share\vm\prims\jvm.cpp:1304
Event: 0.459 Thread 0x000000000a829000 Threw 0x00000000eb9d2a00 at C:\re\jdk7u79\2331\hotspot\src\share\vm\prims\jvm.cpp:1304
Event: 0.463 Thread 0x000000000a900000 Threw 0x00000000eb8853b0 at C:\re\jdk7u79\2331\hotspot\src\share\vm\prims\jvm.cpp:1304
Event: 0.464 Thread 0x000000000a829000 Threw 0x00000000eb9ec188 at C:\re\jdk7u79\2331\hotspot\src\share\vm\prims\jvm.cpp:1304
Event: 0.467 Thread 0x0000000002320800 Threw 0x00000000eb754a20 at C:\re\jdk7u79\2331\hotspot\src\share\vm\prims\jvm.cpp:1304
Event: 0.578 Thread 0x000000000a829800 Threw 0x00000000ebb69a60 at C:\re\jdk7u79\2331\hotspot\src\share\vm\prims\jvm.cpp:1304
Event: 0.592 Thread 0x0000000002320800 Threw 0x00000000ebce72b0 at C:\re\jdk7u79\2331\hotspot\src\share\vm\prims\jvm.cpp:1304
Event: 0.594 Thread 0x0000000002320800 Threw 0x00000000ebcf83a8 at C:\re\jdk7u79\2331\hotspot\src\share\vm\prims\jvm.cpp:1304
Event: 0.603 Thread 0x000000000a82a800 Implicit null exception at 0x00000000024a216d to 0x00000000024a2559
Event: 0.797 Thread 0x000000000a829800 Implicit null exception at 0x00000000024cd67f to 0x00000000024ce229

Events (10 events):
Event: 0.797 Thread 0x000000000a829800 DEOPT UNPACKING pc=0x00000000024575a4 sp=0x000000000b42ece8 mode 2
Event: 0.988 Thread 0x0000000002320800 Uncommon trap: trap_request=0xffffffad fr.pc=0x00000000024a3f84
Event: 0.988 Thread 0x0000000002320800 DEOPT PACKING pc=0x00000000024a3f84 sp=0x000000000231e460
Event: 0.988 Thread 0x0000000002320800 DEOPT UNPACKING pc=0x00000000024575a4 sp=0x000000000231e400 mode 2
Event: 1.029 Thread 0x0000000002320800 Uncommon trap: trap_request=0xffffffad fr.pc=0x00000000024e7c60
Event: 1.029 Thread 0x0000000002320800 DEOPT PACKING pc=0x00000000024e7c60 sp=0x000000000231e840
Event: 1.029 Thread 0x0000000002320800 DEOPT UNPACKING pc=0x00000000024575a4 sp=0x000000000231e7c0 mode 2
Event: 1.087 Thread 0x0000000002320800 Uncommon trap: trap_request=0xffffffad fr.pc=0x00000000025109f8
Event: 1.087 Thread 0x0000000002320800 DEOPT PACKING pc=0x00000000025109f8 sp=0x000000000231e9b0
Event: 1.087 Thread 0x0000000002320800 DEOPT UNPACKING pc=0x00000000024575a4 sp=0x000000000231e950 mode 2


Dynamic libraries:
0x00007ff7ebda0000 - 0x00007ff7ebdd3000 	C:\Program Files\Java\jdk1.7.0_79\bin\java.exe
0x00007ff8e7ce0000 - 0x00007ff8e7ea1000 	C:\Windows\SYSTEM32\ntdll.dll
0x00007ff8e7520000 - 0x00007ff8e75cd000 	C:\Windows\system32\KERNEL32.DLL
0x00007ff8e4c40000 - 0x00007ff8e4e28000 	C:\Windows\system32\KERNELBASE.dll
0x00007ff8e6ea0000 - 0x00007ff8e6f47000 	C:\Windows\system32\ADVAPI32.dll
0x00007ff8e7180000 - 0x00007ff8e721d000 	C:\Windows\system32\msvcrt.dll
0x00007ff8e6f50000 - 0x00007ff8e6fab000 	C:\Windows\system32\sechost.dll
0x00007ff8e7400000 - 0x00007ff8e751c000 	C:\Windows\system32\RPCRT4.dll
0x00007ff8e50c0000 - 0x00007ff8e5216000 	C:\Windows\system32\USER32.dll
0x00007ff8e6bd0000 - 0x00007ff8e6d56000 	C:\Windows\system32\GDI32.dll
0x00007ff8defd0000 - 0x00007ff8df244000 	C:\Windows\WinSxS\amd64_microsoft.windows.common-controls_6595b64144ccf1df_6.0.10586.0_none_8c15ae12515e1c22\COMCTL32.dll
0x00007ff8e7a60000 - 0x00007ff8e7cdd000 	C:\Windows\system32\combase.dll
0x00007ff8e5050000 - 0x00007ff8e50ba000 	C:\Windows\system32\bcryptPrimitives.dll
0x00007ff8e7760000 - 0x00007ff8e779b000 	C:\Windows\system32\IMM32.DLL
0x000000006e7b0000 - 0x000000006e882000 	C:\Program Files\Java\jdk1.7.0_79\jre\bin\msvcr100.dll
0x000000006ec40000 - 0x000000006f415000 	C:\Program Files\Java\jdk1.7.0_79\jre\bin\server\jvm.dll
0x00007ff8e75d0000 - 0x00007ff8e75d8000 	C:\Windows\system32\PSAPI.DLL
0x00007ff8e2790000 - 0x00007ff8e27b3000 	C:\Windows\SYSTEM32\WINMM.dll
0x00007ff8d68d0000 - 0x00007ff8d68d9000 	C:\Windows\SYSTEM32\WSOCK32.dll
0x00007ff8e2730000 - 0x00007ff8e275c000 	C:\Windows\SYSTEM32\WINMMBASE.dll
0x00007ff8e75e0000 - 0x00007ff8e764b000 	C:\Windows\system32\WS2_32.dll
0x00007ff8e4e30000 - 0x00007ff8e4e73000 	C:\Windows\system32\cfgmgr32.dll
0x000000006ec30000 - 0x000000006ec3f000 	C:\Program Files\Java\jdk1.7.0_79\jre\bin\verify.dll
0x000000006ec00000 - 0x000000006ec28000 	C:\Program Files\Java\jdk1.7.0_79\jre\bin\java.dll
0x000000006ebe0000 - 0x000000006ebf5000 	C:\Program Files\Java\jdk1.7.0_79\jre\bin\zip.dll
0x000000006ebc0000 - 0x000000006ebda000 	C:\Program Files\Java\jdk1.7.0_79\jre\bin\net.dll
0x00007ff8e3c00000 - 0x00007ff8e3c5c000 	C:\Windows\system32\mswsock.dll
0x000000006eba0000 - 0x000000006ebb1000 	C:\Program Files\Java\jdk1.7.0_79\jre\bin\nio.dll

VM Arguments:
jvm_args: -Djava.awt.headless=true -Xmx1024M -Dfile.encoding=windows-1252 -Duser.country=US -Duser.language=en -Duser.variant 
java_command: com.android.dx.command.Main --dex --num-threads=4 --multi-dex --output E:\BasilioV\Dropbox\Developer\AndroidstudioProjects\AndroidWorkshopTestOne\app\build\intermediates\transforms\dex\debug\folders\1000\10\com.android.support-appcompat-v7-23.1.1_aeac786dde160cb26106031982963540672cc404 E:\BasilioV\Dropbox\Developer\AndroidstudioProjects\AndroidWorkshopTestOne\app\build\intermediates\exploded-aar\com.android.support\appcompat-v7\23.1.1\jars\classes.jar
Launcher Type: SUN_STANDARD

Environment Variables:
PATH=C:\Program Files (x86)\NVIDIA Corporation\PhysX\Common;C:\Program Files (x86)\Intel\iCLS Client\;C:\Program Files\Intel\iCLS Client\;C:\Windows\system32;C:\Windows;C:\Windows\System32\Wbem;C:\Windows\System32\WindowsPowerShell\v1.0\;C:\Program Files (x86)\Intel\Intel(R) Management Engine Components\DAL;C:\Program Files\Intel\Intel(R) Management Engine Components\DAL;C:\Program Files (x86)\Intel\Intel(R) Management Engine Components\IPT;C:\Program Files\Intel\Intel(R) Management Engine Components\IPT;C:\Program Files (x86)\Microsoft SQL Server\100\Tools\Binn\;C:\Program Files (x86)\Microsoft SQL Server\100\DTS\Binn\
USERNAME=BasiV
OS=Windows_NT
PROCESSOR_IDENTIFIER=Intel64 Family 6 Model 94 Stepping 3, GenuineIntel



---------------  S Y S T E M  ---------------

OS: Windows 8.1 , 64 bit Build 9600 

CPU:total 8 (4 cores per cpu, 2 threads per core) family 6 model 94 stepping 3, cmov, cx8, fxsr, mmx, sse, sse2, sse3, ssse3, sse4.1, sse4.2, popcnt, avx, avx2, aes, erms, ht, tsc, tscinvbit

Memory: 4k page, physical 8305460k(1178628k free), swap 9354036k(3064k free)

vm_info: Java HotSpot(TM) 64-Bit Server VM (24.79-b02) for windows-amd64 JRE (1.7.0_79-b15), built on Apr 10 2015 12:36:16 by "java_re" with unknown MS VC++:1600

time: Tue Feb 16 22:53:09 2016
elapsed time: 1 seconds

