#
# There is insufficient memory for the Java Runtime Environment to continue.
# Native memory allocation (malloc) failed to allocate 131088 bytes for Chunk::new
# Possible reasons:
#   The system is out of physical RAM or swap space
#   In 32 bit mode, the process size limit was hit
# Possible solutions:
#   Reduce memory load on the system
#   Increase physical memory or swap space
#   Check if swap backing store is full
#   Use 64 bit Java on a 64 bit OS
#   Decrease Java heap size (-Xmx/-Xms)
#   Decrease number of Java threads
#   Decrease Java thread stack sizes (-Xss)
#   Set larger code cache with -XX:ReservedCodeCacheSize=
# This output file may be truncated or incomplete.
#
#  Out of Memory Error (allocation.cpp:323), pid=8636, tid=14292
#
# JRE version: Java(TM) SE Runtime Environment (7.0_79-b15) (build 1.7.0_79-b15)
# Java VM: Java HotSpot(TM) 64-Bit Server VM (24.79-b02 mixed mode windows-amd64 compressed oops)
# Failed to write core dump. Minidumps are not enabled by default on client versions of Windows
#

---------------  T H R E A D  ---------------

Current thread (0x000000000234d000):  JavaThread "C2 CompilerThread1" daemon [_thread_in_native, id=14292, stack(0x000000000ad20000,0x000000000ae20000)]

Stack: [0x000000000ad20000,0x000000000ae20000]

Current CompileTask:
C2:   1145  216             com.android.dx.ssa.SCCP::simulateBranch (666 bytes)


---------------  P R O C E S S  ---------------

Java Threads: ( => current thread )
  0x000000000a807800 JavaThread "pool-2-thread-4" [_thread_in_Java, id=10556, stack(0x000000000b420000,0x000000000b520000)]
  0x000000000a806800 JavaThread "pool-2-thread-3" [_thread_in_Java, id=11392, stack(0x000000000b320000,0x000000000b420000)]
  0x000000000a80a000 JavaThread "pool-2-thread-2" [_thread_in_Java, id=14084, stack(0x000000000b220000,0x000000000b320000)]
  0x000000000a806000 JavaThread "pool-3-thread-1" [_thread_blocked, id=14168, stack(0x000000000b120000,0x000000000b220000)]
  0x000000000a8dc800 JavaThread "pool-2-thread-1" [_thread_in_Java, id=1360, stack(0x000000000b020000,0x000000000b120000)]
  0x000000000234d800 JavaThread "Service Thread" daemon [_thread_blocked, id=3368, stack(0x000000000ae20000,0x000000000af20000)]
=>0x000000000234d000 JavaThread "C2 CompilerThread1" daemon [_thread_in_native, id=14292, stack(0x000000000ad20000,0x000000000ae20000)]
  0x000000000233e000 JavaThread "C2 CompilerThread0" daemon [_thread_in_native, id=12592, stack(0x000000000ac20000,0x000000000ad20000)]
  0x000000000233d000 JavaThread "Attach Listener" daemon [_thread_blocked, id=13076, stack(0x000000000ab20000,0x000000000ac20000)]
  0x000000000a641000 JavaThread "Signal Dispatcher" daemon [_thread_blocked, id=13416, stack(0x000000000aa20000,0x000000000ab20000)]
  0x000000000864a800 JavaThread "Finalizer" daemon [_thread_blocked, id=10732, stack(0x000000000a520000,0x000000000a620000)]
  0x0000000008649800 JavaThread "Reference Handler" daemon [_thread_blocked, id=10544, stack(0x000000000a420000,0x000000000a520000)]
  0x0000000002250800 JavaThread "main" [_thread_in_Java, id=10444, stack(0x0000000002150000,0x0000000002250000)]

Other Threads:
  0x0000000008646000 VMThread [stack: 0x000000000a320000,0x000000000a420000] [id=8236]
  0x000000000a64d000 WatcherThread [stack: 0x000000000af20000,0x000000000b020000] [id=9772]

VM state:not at safepoint (normal execution)

VM Mutex/Monitor currently owned by a thread: None

Heap
 PSYoungGen      total 38400K, used 35221K [0x00000000eaa80000, 0x00000000ed500000, 0x0000000100000000)
  eden space 33280K, 90% used [0x00000000eaa80000,0x00000000ec7ea640,0x00000000ecb00000)
  from space 5120K, 99% used [0x00000000ecb00000,0x00000000ecffb100,0x00000000ed000000)
  to   space 5120K, 0% used [0x00000000ed000000,0x00000000ed000000,0x00000000ed500000)
 ParOldGen       total 86528K, used 288K [0x00000000c0000000, 0x00000000c5480000, 0x00000000eaa80000)
  object space 86528K, 0% used [0x00000000c0000000,0x00000000c00483e0,0x00000000c5480000)
 PSPermGen       total 21504K, used 5904K [0x00000000bae00000, 0x00000000bc300000, 0x00000000c0000000)
  object space 21504K, 27% used [0x00000000bae00000,0x00000000bb3c4268,0x00000000bc300000)

Card table byte_map: [0x0000000005410000,0x0000000005640000] byte_map_base: 0x0000000004e39000

Polling page: 0x00000000009c0000

Code Cache  [0x0000000002350000, 0x00000000025c0000, 0x0000000005350000)
 total_blobs=454 nmethods=217 adapters=189 free_code_cache=48279Kb largest_free_block=49408832

Compilation events (10 events):
Event: 1.113 Thread 0x000000000234d000 nmethod 211 0x000000000241d350 code [0x000000000241d4a0, 0x000000000241d518]
Event: 1.113 Thread 0x000000000234d000  212             java.lang.AbstractStringBuilder::ensureCapacityInternal (16 bytes)
Event: 1.116 Thread 0x000000000234d000 nmethod 212 0x0000000002415610 code [0x0000000002415760, 0x00000000024159f8]
Event: 1.116 Thread 0x000000000234d000  213             java.util.TreeMap::getEntry (84 bytes)
Event: 1.118 Thread 0x000000000234d000 nmethod 213 0x0000000002415250 code [0x00000000024153a0, 0x00000000024154d8]
Event: 1.118 Thread 0x000000000234d000  214             com.android.dx.rop.code.RegisterSpec::equals (51 bytes)
Event: 1.120 Thread 0x000000000234d000 nmethod 214 0x000000000241e390 code [0x000000000241e4e0, 0x000000000241e8b8]
Event: 1.120 Thread 0x000000000234d000  215             com.android.dx.ssa.DeadCodeRemover::pruneDeadInstructions (246 bytes)
Event: 1.131 Thread 0x000000000234d000 nmethod 215 0x000000000242fb90 code [0x000000000242fdc0, 0x0000000002430600]
Event: 1.131 Thread 0x000000000234d000  216             com.android.dx.ssa.SCCP::simulateBranch (666 bytes)

GC Heap History (2 events):
Event: 0.753 GC heap before
{Heap before GC invocations=1 (full 0):
 PSYoungGen      total 38400K, used 33280K [0x00000000eaa80000, 0x00000000ed500000, 0x0000000100000000)
  eden space 33280K, 100% used [0x00000000eaa80000,0x00000000ecb00000,0x00000000ecb00000)
  from space 5120K, 0% used [0x00000000ed000000,0x00000000ed000000,0x00000000ed500000)
  to   space 5120K, 0% used [0x00000000ecb00000,0x00000000ecb00000,0x00000000ed000000)
 ParOldGen       total 86528K, used 0K [0x00000000c0000000, 0x00000000c5480000, 0x00000000eaa80000)
  object space 86528K, 0% used [0x00000000c0000000,0x00000000c0000000,0x00000000c5480000)
 PSPermGen       total 21504K, used 5742K [0x00000000bae00000, 0x00000000bc300000, 0x00000000c0000000)
  object space 21504K, 26% used [0x00000000bae00000,0x00000000bb39ba10,0x00000000bc300000)
Event: 0.821 GC heap after
Heap after GC invocations=1 (full 0):
 PSYoungGen      total 38400K, used 5100K [0x00000000eaa80000, 0x00000000ed500000, 0x0000000100000000)
  eden space 33280K, 0% used [0x00000000eaa80000,0x00000000eaa80000,0x00000000ecb00000)
  from space 5120K, 99% used [0x00000000ecb00000,0x00000000ecffb100,0x00000000ed000000)
  to   space 5120K, 0% used [0x00000000ed000000,0x00000000ed000000,0x00000000ed500000)
 ParOldGen       total 86528K, used 288K [0x00000000c0000000, 0x00000000c5480000, 0x00000000eaa80000)
  object space 86528K, 0% used [0x00000000c0000000,0x00000000c00483e0,0x00000000c5480000)
 PSPermGen       total 21504K, used 5742K [0x00000000bae00000, 0x00000000bc300000, 0x00000000c0000000)
  object space 21504K, 26% used [0x00000000bae00000,0x00000000bb39ba10,0x00000000bc300000)
}

Deoptimization events (10 events):
Event: 0.664 Thread 0x000000000a807800 Uncommon trap: reason=null_check action=make_not_entrant pc=0x00000000023d524c method=com.android.dx.rop.code.LocalItem.equals(Ljava/lang/Object;)Z @ 1
Event: 0.827 Thread 0x000000000a806800 Uncommon trap: reason=unreached action=reinterpret pc=0x00000000023eecc0 method=java.util.HashMap.put(Ljava/lang/Object;Ljava/lang/Object;)Ljava/lang/Object; @ 77
Event: 0.843 Thread 0x000000000a80a000 Uncommon trap: reason=class_check action=maybe_recompile pc=0x00000000023e5548 method=com.android.dx.rop.type.Type.equals(Ljava/lang/Object;)Z @ 8
Event: 0.843 Thread 0x000000000a80a000 Uncommon trap: reason=class_check action=maybe_recompile pc=0x00000000023e5548 method=com.android.dx.rop.type.Type.equals(Ljava/lang/Object;)Z @ 8
Event: 0.843 Thread 0x000000000a80a000 Uncommon trap: reason=class_check action=maybe_recompile pc=0x00000000023e5548 method=com.android.dx.rop.type.Type.equals(Ljava/lang/Object;)Z @ 8
Event: 0.846 Thread 0x000000000a80a000 Uncommon trap: reason=class_check action=maybe_recompile pc=0x00000000023e5548 method=com.android.dx.rop.type.Type.equals(Ljava/lang/Object;)Z @ 8
Event: 1.030 Thread 0x0000000002250800 Uncommon trap: reason=null_check action=make_not_entrant pc=0x000000000241fad8 method=com.android.dx.rop.type.Type.putIntern(Lcom/android/dx/rop/type/Type;)Lcom/android/dx/rop/type/Type; @ 18
Event: 1.039 Thread 0x000000000a806800 Uncommon trap: reason=unreached action=reinterpret pc=0x00000000023d4a04 method=com.android.dx.rop.cst.Constant.compareTo(Lcom/android/dx/rop/cst/Constant;)I @ 12
Event: 1.115 Thread 0x000000000a8dc800 Uncommon trap: reason=null_check action=make_not_entrant pc=0x0000000002422e14 method=com.android.dx.ssa.SsaRenamer.getLocalForNewReg(I)Lcom/android/dx/rop/code/LocalItem; @ 19
Event: 1.138 Thread 0x000000000a806800 Uncommon trap: reason=unreached action=reinterpret pc=0x0000000002419370 method=com.android.dx.ssa.LocalVariableExtractor.processBlock(I)V @ 251

Internal exceptions (10 events):
Event: 0.480 Thread 0x000000000a807800 Threw 0x00000000ec0c9d60 at C:\re\jdk7u79\2331\hotspot\src\share\vm\prims\jvm.cpp:1304
Event: 0.486 Thread 0x000000000a8dc800 Threw 0x00000000ebff2d60 at C:\re\jdk7u79\2331\hotspot\src\share\vm\prims\jvm.cpp:1304
Event: 0.651 Thread 0x0000000002250800 Threw 0x00000000ec4f0688 at C:\re\jdk7u79\2331\hotspot\src\share\vm\prims\jvm.cpp:1304
Event: 0.651 Thread 0x0000000002250800 Threw 0x00000000ec4f2a38 at C:\re\jdk7u79\2331\hotspot\src\share\vm\prims\jvm.cpp:1304
Event: 0.653 Thread 0x000000000a8dc800 Threw 0x00000000ec30a9f0 at C:\re\jdk7u79\2331\hotspot\src\share\vm\prims\jvm.cpp:1304
Event: 0.664 Thread 0x000000000a807800 Implicit null exception at 0x00000000023d4e68 to 0x00000000023d5239
Event: 0.723 Thread 0x000000000a806800 Threw 0x00000000ec57ba80 at C:\re\jdk7u79\2331\hotspot\src\share\vm\prims\jvm.cpp:1304
Event: 0.838 Thread 0x000000000a80a000 Threw 0x00000000eaceb3d8 at C:\re\jdk7u79\2331\hotspot\src\share\vm\prims\jvm.cpp:1304
Event: 1.030 Thread 0x0000000002250800 Implicit null exception at 0x000000000241f3eb to 0x000000000241fac9
Event: 1.115 Thread 0x000000000a8dc800 Implicit null exception at 0x0000000002421577 to 0x0000000002422de5

Events (10 events):
Event: 1.030 Thread 0x0000000002250800 DEOPT UNPACKING pc=0x00000000023875a4 sp=0x000000000224e720 mode 2
Event: 1.039 Thread 0x000000000a806800 Uncommon trap: trap_request=0xffffffad fr.pc=0x00000000023d4a04
Event: 1.039 Thread 0x000000000a806800 DEOPT PACKING pc=0x00000000023d4a04 sp=0x000000000b41e4d0
Event: 1.039 Thread 0x000000000a806800 DEOPT UNPACKING pc=0x00000000023875a4 sp=0x000000000b41e470 mode 2
Event: 1.115 Thread 0x000000000a8dc800 Uncommon trap: trap_request=0xfffffff4 fr.pc=0x0000000002422e14
Event: 1.115 Thread 0x000000000a8dc800 DEOPT PACKING pc=0x0000000002422e14 sp=0x000000000b11ed90
Event: 1.115 Thread 0x000000000a8dc800 DEOPT UNPACKING pc=0x00000000023875a4 sp=0x000000000b11eb28 mode 2
Event: 1.138 Thread 0x000000000a806800 Uncommon trap: trap_request=0xffffffad fr.pc=0x0000000002419370
Event: 1.138 Thread 0x000000000a806800 DEOPT PACKING pc=0x0000000002419370 sp=0x000000000b41e8b0
Event: 1.138 Thread 0x000000000a806800 DEOPT UNPACKING pc=0x00000000023875a4 sp=0x000000000b41e830 mode 2


Dynamic libraries:
0x00007ff7ebda0000 - 0x00007ff7ebdd3000 	C:\Program Files\Java\jdk1.7.0_79\bin\java.exe
0x00007ff8e7ce0000 - 0x00007ff8e7ea1000 	C:\Windows\SYSTEM32\ntdll.dll
0x00007ff8e7520000 - 0x00007ff8e75cd000 	C:\Windows\system32\KERNEL32.DLL
0x00007ff8e4c40000 - 0x00007ff8e4e28000 	C:\Windows\system32\KERNELBASE.dll
0x00007ff8e6ea0000 - 0x00007ff8e6f47000 	C:\Windows\system32\ADVAPI32.dll
0x00007ff8e7180000 - 0x00007ff8e721d000 	C:\Windows\system32\msvcrt.dll
0x00007ff8e6f50000 - 0x00007ff8e6fab000 	C:\Windows\system32\sechost.dll
0x00007ff8e7400000 - 0x00007ff8e751c000 	C:\Windows\system32\RPCRT4.dll
0x00007ff8e50c0000 - 0x00007ff8e5216000 	C:\Windows\system32\USER32.dll
0x00007ff8e6bd0000 - 0x00007ff8e6d56000 	C:\Windows\system32\GDI32.dll
0x00007ff8defd0000 - 0x00007ff8df244000 	C:\Windows\WinSxS\amd64_microsoft.windows.common-controls_6595b64144ccf1df_6.0.10586.0_none_8c15ae12515e1c22\COMCTL32.dll
0x00007ff8e7a60000 - 0x00007ff8e7cdd000 	C:\Windows\system32\combase.dll
0x00007ff8e5050000 - 0x00007ff8e50ba000 	C:\Windows\system32\bcryptPrimitives.dll
0x00007ff8e7760000 - 0x00007ff8e779b000 	C:\Windows\system32\IMM32.DLL
0x000000006e7b0000 - 0x000000006e882000 	C:\Program Files\Java\jdk1.7.0_79\jre\bin\msvcr100.dll
0x000000006ec40000 - 0x000000006f415000 	C:\Program Files\Java\jdk1.7.0_79\jre\bin\server\jvm.dll
0x00007ff8e75d0000 - 0x00007ff8e75d8000 	C:\Windows\system32\PSAPI.DLL
0x00007ff8d68d0000 - 0x00007ff8d68d9000 	C:\Windows\SYSTEM32\WSOCK32.dll
0x00007ff8e2790000 - 0x00007ff8e27b3000 	C:\Windows\SYSTEM32\WINMM.dll
0x00007ff8e75e0000 - 0x00007ff8e764b000 	C:\Windows\system32\WS2_32.dll
0x00007ff8e2730000 - 0x00007ff8e275c000 	C:\Windows\SYSTEM32\WINMMBASE.dll
0x00007ff8e4e30000 - 0x00007ff8e4e73000 	C:\Windows\system32\cfgmgr32.dll
0x000000006ec30000 - 0x000000006ec3f000 	C:\Program Files\Java\jdk1.7.0_79\jre\bin\verify.dll
0x000000006ec00000 - 0x000000006ec28000 	C:\Program Files\Java\jdk1.7.0_79\jre\bin\java.dll
0x000000006ebe0000 - 0x000000006ebf5000 	C:\Program Files\Java\jdk1.7.0_79\jre\bin\zip.dll
0x000000006ebc0000 - 0x000000006ebda000 	C:\Program Files\Java\jdk1.7.0_79\jre\bin\net.dll
0x00007ff8e3c00000 - 0x00007ff8e3c5c000 	C:\Windows\system32\mswsock.dll
0x000000006eba0000 - 0x000000006ebb1000 	C:\Program Files\Java\jdk1.7.0_79\jre\bin\nio.dll

VM Arguments:
jvm_args: -Djava.awt.headless=true -Xmx1024M -Dfile.encoding=windows-1252 -Duser.country=US -Duser.language=en -Duser.variant 
java_command: com.android.dx.command.Main --dex --num-threads=4 --multi-dex --output E:\BasilioV\Dropbox\Developer\AndroidstudioProjects\AndroidWorkshopTestOne\app\build\intermediates\transforms\dex\debug\folders\1000\10\com.android.support-support-v4-23.1.1_06ee08177b0580b39e84ee2177f8e8fb1e505ff9 E:\BasilioV\Dropbox\Developer\AndroidstudioProjects\AndroidWorkshopTestOne\app\build\intermediates\exploded-aar\com.android.support\support-v4\23.1.1\jars\classes.jar
Launcher Type: SUN_STANDARD

Environment Variables:
PATH=C:\Program Files (x86)\NVIDIA Corporation\PhysX\Common;C:\Program Files (x86)\Intel\iCLS Client\;C:\Program Files\Intel\iCLS Client\;C:\Windows\system32;C:\Windows;C:\Windows\System32\Wbem;C:\Windows\System32\WindowsPowerShell\v1.0\;C:\Program Files (x86)\Intel\Intel(R) Management Engine Components\DAL;C:\Program Files\Intel\Intel(R) Management Engine Components\DAL;C:\Program Files (x86)\Intel\Intel(R) Management Engine Components\IPT;C:\Program Files\Intel\Intel(R) Management Engine Components\IPT;C:\Program Files (x86)\Microsoft SQL Server\100\Tools\Binn\;C:\Program Files (x86)\Microsoft SQL Server\100\DTS\Binn\
USERNAME=BasiV
OS=Windows_NT
PROCESSOR_IDENTIFIER=Intel64 Family 6 Model 94 Stepping 3, GenuineIntel



---------------  S Y S T E M  ---------------

OS: Windows 8.1 , 64 bit Build 9600 

CPU:total 8 (4 cores per cpu, 2 threads per core) family 6 model 94 stepping 3, cmov, cx8, fxsr, mmx, sse, sse2, sse3, ssse3, sse4.1, sse4.2, popcnt, avx, avx2, aes, erms, ht, tsc, tscinvbit

Memory: 4k page, physical 8305460k(1178612k free), swap 9354036k(3320k free)

vm_info: Java HotSpot(TM) 64-Bit Server VM (24.79-b02) for windows-amd64 JRE (1.7.0_79-b15), built on Apr 10 2015 12:36:16 by "java_re" with unknown MS VC++:1600

time: Tue Feb 16 22:53:09 2016
elapsed time: 1 seconds

