#
# There is insufficient memory for the Java Runtime Environment to continue.
# Native memory allocation (malloc) failed to allocate 95888 bytes for Chunk::new
# Possible reasons:
#   The system is out of physical RAM or swap space
#   In 32 bit mode, the process size limit was hit
# Possible solutions:
#   Reduce memory load on the system
#   Increase physical memory or swap space
#   Check if swap backing store is full
#   Use 64 bit Java on a 64 bit OS
#   Decrease Java heap size (-Xmx/-Xms)
#   Decrease number of Java threads
#   Decrease Java thread stack sizes (-Xss)
#   Set larger code cache with -XX:ReservedCodeCacheSize=
# This output file may be truncated or incomplete.
#
#  Out of Memory Error (allocation.cpp:323), pid=13124, tid=7364
#
# JRE version: Java(TM) SE Runtime Environment (7.0_79-b15) (build 1.7.0_79-b15)
# Java VM: Java HotSpot(TM) 64-Bit Server VM (24.79-b02 mixed mode windows-amd64 compressed oops)
# Failed to write core dump. Minidumps are not enabled by default on client versions of Windows
#

---------------  T H R E A D  ---------------

Current thread (0x000000000226e000):  JavaThread "C2 CompilerThread0" daemon [_thread_in_native, id=7364, stack(0x000000000ab40000,0x000000000ac40000)]

Stack: [0x000000000ab40000,0x000000000ac40000]

Current CompileTask:
C2:    142    6             java.util.regex.Pattern$BnM::optimize (179 bytes)


---------------  P R O C E S S  ---------------

Java Threads: ( => current thread )
  0x000000000227a800 JavaThread "Service Thread" daemon [_thread_blocked, id=7548, stack(0x000000000ad40000,0x000000000ae40000)]
  0x000000000226f800 JavaThread "C2 CompilerThread1" daemon [_thread_blocked, id=4000, stack(0x000000000ac40000,0x000000000ad40000)]
=>0x000000000226e000 JavaThread "C2 CompilerThread0" daemon [_thread_in_native, id=7364, stack(0x000000000ab40000,0x000000000ac40000)]
  0x000000000226d000 JavaThread "Attach Listener" daemon [_thread_blocked, id=6000, stack(0x000000000aa40000,0x000000000ab40000)]
  0x000000000a561000 JavaThread "Signal Dispatcher" daemon [_thread_blocked, id=13860, stack(0x000000000a940000,0x000000000aa40000)]
  0x000000000857a800 JavaThread "Finalizer" daemon [_thread_blocked, id=12628, stack(0x000000000a440000,0x000000000a540000)]
  0x0000000008579800 JavaThread "Reference Handler" daemon [_thread_blocked, id=7636, stack(0x000000000a340000,0x000000000a440000)]
  0x0000000002180800 JavaThread "main" [_thread_in_native, id=8652, stack(0x0000000002010000,0x0000000002110000)]

Other Threads:
  0x0000000008575800 VMThread [stack: 0x000000000a240000,0x000000000a340000] [id=11536]
  0x000000000227e000 WatcherThread [stack: 0x000000000ae40000,0x000000000af40000] [id=8124]

VM state:not at safepoint (normal execution)

VM Mutex/Monitor currently owned by a thread: None

Heap
 PSYoungGen      total 38400K, used 2004K [0x00000000eaa80000, 0x00000000ed500000, 0x0000000100000000)
  eden space 33280K, 6% used [0x00000000eaa80000,0x00000000eac75198,0x00000000ecb00000)
  from space 5120K, 0% used [0x00000000ed000000,0x00000000ed000000,0x00000000ed500000)
  to   space 5120K, 0% used [0x00000000ecb00000,0x00000000ecb00000,0x00000000ed000000)
 ParOldGen       total 86528K, used 0K [0x00000000c0000000, 0x00000000c5480000, 0x00000000eaa80000)
  object space 86528K, 0% used [0x00000000c0000000,0x00000000c0000000,0x00000000c5480000)
 PSPermGen       total 21504K, used 3355K [0x00000000bae00000, 0x00000000bc300000, 0x00000000c0000000)
  object space 21504K, 15% used [0x00000000bae00000,0x00000000bb146f20,0x00000000bc300000)

Card table byte_map: [0x0000000005340000,0x0000000005570000] byte_map_base: 0x0000000004d69000

Polling page: 0x0000000000470000

Code Cache  [0x0000000002280000, 0x00000000024f0000, 0x0000000005280000)
 total_blobs=198 nmethods=5 adapters=146 free_code_cache=48758Kb largest_free_block=49911872

Compilation events (10 events):
Event: 0.117 Thread 0x000000000226e000 nmethod 1 0x00000000022e0e10 code [0x00000000022e0f60, 0x00000000022e10e8]
Event: 0.118 Thread 0x000000000226f800    2             java.lang.String::hashCode (55 bytes)
Event: 0.120 Thread 0x000000000226f800 nmethod 2 0x00000000022e0ad0 code [0x00000000022e0c00, 0x00000000022e0d58]
Event: 0.122 Thread 0x000000000226e000    3             java.lang.String::lastIndexOf (52 bytes)
Event: 0.123 Thread 0x000000000226e000 nmethod 3 0x00000000022e04d0 code [0x00000000022e0620, 0x00000000022e0788]
Event: 0.132 Thread 0x000000000226f800    4             java.lang.String::replace (127 bytes)
Event: 0.135 Thread 0x000000000226e000    5             java.util.regex.Matcher::reset (83 bytes)
Event: 0.137 Thread 0x000000000226e000 nmethod 5 0x00000000022dff10 code [0x00000000022e0060, 0x00000000022e0198]
Event: 0.138 Thread 0x000000000226e000    6             java.util.regex.Pattern$BnM::optimize (179 bytes)
Event: 0.139 Thread 0x000000000226f800 nmethod 4 0x00000000022e4510 code [0x00000000022e4660, 0x00000000022e4ab8]

GC Heap History (0 events):
No events

Deoptimization events (0 events):
No events

Internal exceptions (10 events):
Event: 0.122 Thread 0x0000000002180800 Threw 0x00000000eab8cfa8 at C:\re\jdk7u79\2331\hotspot\src\share\vm\prims\jvm.cpp:1304
Event: 0.122 Thread 0x0000000002180800 Threw 0x00000000eab8f0f8 at C:\re\jdk7u79\2331\hotspot\src\share\vm\prims\jvm.cpp:1304
Event: 0.122 Thread 0x0000000002180800 Threw 0x00000000eab93b10 at C:\re\jdk7u79\2331\hotspot\src\share\vm\prims\jvm.cpp:1304
Event: 0.123 Thread 0x0000000002180800 Threw 0x00000000eab97f30 at C:\re\jdk7u79\2331\hotspot\src\share\vm\prims\jvm.cpp:1304
Event: 0.123 Thread 0x0000000002180800 Threw 0x00000000eab9ca78 at C:\re\jdk7u79\2331\hotspot\src\share\vm\prims\jvm.cpp:1304
Event: 0.124 Thread 0x0000000002180800 Threw 0x00000000eaba0ff0 at C:\re\jdk7u79\2331\hotspot\src\share\vm\prims\jvm.cpp:1304
Event: 0.126 Thread 0x0000000002180800 Threw 0x00000000eaba7a00 at C:\re\jdk7u79\2331\hotspot\src\share\vm\prims\jvm.cpp:1304
Event: 0.127 Thread 0x0000000002180800 Threw 0x00000000eabad180 at C:\re\jdk7u79\2331\hotspot\src\share\vm\prims\jvm.cpp:1304
Event: 0.127 Thread 0x0000000002180800 Threw 0x00000000eabaf2b0 at C:\re\jdk7u79\2331\hotspot\src\share\vm\prims\jvm.cpp:1304
Event: 0.128 Thread 0x0000000002180800 Threw 0x00000000eabb71b0 at C:\re\jdk7u79\2331\hotspot\src\share\vm\prims\jvm.cpp:1304

Events (10 events):
Event: 0.141 loading class 0x000000000a650240
Event: 0.141 loading class 0x000000000a650240 done
Event: 0.141 loading class 0x000000000a650d60
Event: 0.141 loading class 0x000000000a6501b0
Event: 0.141 loading class 0x000000000a6518b0
Event: 0.141 loading class 0x000000000a6518b0 done
Event: 0.141 loading class 0x000000000a6501b0 done
Event: 0.141 loading class 0x000000000a650d60 done
Event: 0.141 loading class 0x000000000a56b020
Event: 0.141 loading class 0x000000000a56b020 done


Dynamic libraries:
0x00007ff7ebda0000 - 0x00007ff7ebdd3000 	C:\Program Files\Java\jdk1.7.0_79\bin\java.exe
0x00007ff8e7ce0000 - 0x00007ff8e7ea1000 	C:\Windows\SYSTEM32\ntdll.dll
0x00007ff8e7520000 - 0x00007ff8e75cd000 	C:\Windows\system32\KERNEL32.DLL
0x00007ff8e4c40000 - 0x00007ff8e4e28000 	C:\Windows\system32\KERNELBASE.dll
0x00007ff8e6ea0000 - 0x00007ff8e6f47000 	C:\Windows\system32\ADVAPI32.dll
0x00007ff8e7180000 - 0x00007ff8e721d000 	C:\Windows\system32\msvcrt.dll
0x00007ff8e6f50000 - 0x00007ff8e6fab000 	C:\Windows\system32\sechost.dll
0x00007ff8e7400000 - 0x00007ff8e751c000 	C:\Windows\system32\RPCRT4.dll
0x00007ff8e50c0000 - 0x00007ff8e5216000 	C:\Windows\system32\USER32.dll
0x00007ff8e6bd0000 - 0x00007ff8e6d56000 	C:\Windows\system32\GDI32.dll
0x00007ff8defd0000 - 0x00007ff8df244000 	C:\Windows\WinSxS\amd64_microsoft.windows.common-controls_6595b64144ccf1df_6.0.10586.0_none_8c15ae12515e1c22\COMCTL32.dll
0x00007ff8e7a60000 - 0x00007ff8e7cdd000 	C:\Windows\system32\combase.dll
0x00007ff8e5050000 - 0x00007ff8e50ba000 	C:\Windows\system32\bcryptPrimitives.dll
0x00007ff8e7760000 - 0x00007ff8e779b000 	C:\Windows\system32\IMM32.DLL
0x000000006e7b0000 - 0x000000006e882000 	C:\Program Files\Java\jdk1.7.0_79\jre\bin\msvcr100.dll
0x000000006ec40000 - 0x000000006f415000 	C:\Program Files\Java\jdk1.7.0_79\jre\bin\server\jvm.dll
0x00007ff8e75d0000 - 0x00007ff8e75d8000 	C:\Windows\system32\PSAPI.DLL
0x00007ff8d68d0000 - 0x00007ff8d68d9000 	C:\Windows\SYSTEM32\WSOCK32.dll
0x00007ff8e75e0000 - 0x00007ff8e764b000 	C:\Windows\system32\WS2_32.dll
0x00007ff8e2790000 - 0x00007ff8e27b3000 	C:\Windows\SYSTEM32\WINMM.dll
0x00007ff8e2730000 - 0x00007ff8e275c000 	C:\Windows\SYSTEM32\WINMMBASE.dll
0x00007ff8e4e30000 - 0x00007ff8e4e73000 	C:\Windows\system32\cfgmgr32.dll
0x000000006ec30000 - 0x000000006ec3f000 	C:\Program Files\Java\jdk1.7.0_79\jre\bin\verify.dll
0x000000006ec00000 - 0x000000006ec28000 	C:\Program Files\Java\jdk1.7.0_79\jre\bin\java.dll
0x000000006ebe0000 - 0x000000006ebf5000 	C:\Program Files\Java\jdk1.7.0_79\jre\bin\zip.dll

VM Arguments:
jvm_args: -Djava.awt.headless=true -Xmx1024M -Dfile.encoding=windows-1252 -Duser.country=US -Duser.language=en -Duser.variant 
java_command: com.android.dx.command.Main --dex --num-threads=4 --multi-dex --output E:\BasilioV\Dropbox\Developer\AndroidstudioProjects\AndroidWorkshopTestOne\app\build\intermediates\transforms\dex\debug\folders\1000\10\instant-run_82a1cf762d2dd5acc1b12cdf4935ef6e7d490fb1 E:\BasilioV\Dropbox\Developer\AndroidstudioProjects\AndroidWorkshopTestOne\app\build\intermediates\incremental-runtime-classes\debug\instant-run.jar
Launcher Type: SUN_STANDARD

Environment Variables:
PATH=C:\Program Files (x86)\NVIDIA Corporation\PhysX\Common;C:\Program Files (x86)\Intel\iCLS Client\;C:\Program Files\Intel\iCLS Client\;C:\Windows\system32;C:\Windows;C:\Windows\System32\Wbem;C:\Windows\System32\WindowsPowerShell\v1.0\;C:\Program Files (x86)\Intel\Intel(R) Management Engine Components\DAL;C:\Program Files\Intel\Intel(R) Management Engine Components\DAL;C:\Program Files (x86)\Intel\Intel(R) Management Engine Components\IPT;C:\Program Files\Intel\Intel(R) Management Engine Components\IPT;C:\Program Files (x86)\Microsoft SQL Server\100\Tools\Binn\;C:\Program Files (x86)\Microsoft SQL Server\100\DTS\Binn\
USERNAME=BasiV
OS=Windows_NT
PROCESSOR_IDENTIFIER=Intel64 Family 6 Model 94 Stepping 3, GenuineIntel



---------------  S Y S T E M  ---------------

OS: Windows 8.1 , 64 bit Build 9600 

CPU:total 8 (4 cores per cpu, 2 threads per core) family 6 model 94 stepping 3, cmov, cx8, fxsr, mmx, sse, sse2, sse3, ssse3, sse4.1, sse4.2, popcnt, avx, avx2, aes, erms, ht, tsc, tscinvbit

Memory: 4k page, physical 8305460k(1571776k free), swap 9354036k(1708k free)

vm_info: Java HotSpot(TM) 64-Bit Server VM (24.79-b02) for windows-amd64 JRE (1.7.0_79-b15), built on Apr 10 2015 12:36:16 by "java_re" with unknown MS VC++:1600

time: Tue Feb 16 23:01:39 2016
elapsed time: 0 seconds

